[ppfg][info][1774565263304] vkNegotiateLoaderLayerInterfaceVersion ok; mode=clear-test
[ppfg][info][1774565263307] vkCreateInstance ok; mode=clear-test; app=vkcube; engine=vkcube; apiVersion=1.0.0
[ppfg][info][1774565263329] vkCreateDevice ok; gpu=AMD Custom GPU 0932 (RADV VANGOGH)
[ppfg][info][1774565263333] vkCreateSwapchainKHR ok; extent=500x500; format=44; presentMode=FIFO; minImages=3->4; usage=COLOR_ATTACHMENT (0x10) -> TRANSFER_DST|COLOR_ATTACHMENT (0x12); images=4; mode=clear-test
[ppfg][info][1774565263336] vkQueuePresentKHR frame=1; queueFamily=0; imageIndex=0; waitSemaphores=1
[ppfg][info][1774565263336] initialized injection resources for queue family 0
[ppfg][info][1774565263336] first generated clear-frame present succeeded
[ppfg][info][1774565263336] generated frame present=1; swapchainImageIndex=1
[ppfg][info][1774565263336] vkQueuePresentKHR frame=2; queueFamily=0; imageIndex=2; waitSemaphores=1
[ppfg][info][1774565263336] generated frame present=2; swapchainImageIndex=3
[ppfg][info][1774565263345] vkQueuePresentKHR frame=3; queueFamily=0; imageIndex=0; waitSemaphores=1
[ppfg][info][1774565263357] generated frame present=3; swapchainImageIndex=1
[ppfg][info][1774565263367] vkQueuePresentKHR frame=4; queueFamily=0; imageIndex=2; waitSemaphores=1
[ppfg][info][1774565263380] generated frame present=4; swapchainImageIndex=3
[ppfg][info][1774565263389] vkQueuePresentKHR frame=5; queueFamily=0; imageIndex=0; waitSemaphores=1
[ppfg][info][1774565263402] generated frame present=5; swapchainImageIndex=1
[ppfg][info][1774565264612] vkQueuePresentKHR frame=60; queueFamily=0; imageIndex=2; waitSemaphores=1
[ppfg][info][1774565264624] generated frame present=60; swapchainImageIndex=3
[ppfg][info][1774565265945] vkQueuePresentKHR frame=120; queueFamily=0; imageIndex=2; waitSemaphores=1
[ppfg][info][1774565265957] generated frame present=120; swapchainImageIndex=3
[ppfg][info][1774565265958] vkDestroySwapchainKHR
[ppfg][info][1774565265968] vkDestroyDevice
[ppfg][info][1774565266019] vkDestroyInstance
