[ppfg][info][1774569190820] vkNegotiateLoaderLayerInterfaceVersion ok; mode=bfi-test
[ppfg][info][1774569190822] vkCreateInstance ok; mode=bfi-test; app=vkcube; engine=vkcube; apiVersion=1.0.0
[ppfg][info][1774569190845] vkCreateDevice ok; gpu=AMD Custom GPU 0932 (RADV VANGOGH)
[ppfg][info][1774569190850] vkCreateSwapchainKHR ok; extent=500x500; format=44; presentMode=FIFO; minImages=3->4; usage=COLOR_ATTACHMENT (0x10) -> TRANSFER_DST|COLOR_ATTACHMENT (0x12); images=4; mode=bfi-test
[ppfg][info][1774569190851] vkQueuePresentKHR frame=1; queueFamily=0; imageIndex=0; waitSemaphores=1
[ppfg][info][1774569190852] initialized injection resources for queue family 0
[ppfg][info][1774569191355] bfi settings; period=1; holdMs=500
[ppfg][info][1774569191355] first generated black-frame present succeeded
[ppfg][info][1774569191355] black frame present=1; swapchainImageIndex=1
[ppfg][info][1774569191856] vkQueuePresentKHR frame=2; queueFamily=0; imageIndex=2; waitSemaphores=1
[ppfg][info][1774569192359] black frame present=2; swapchainImageIndex=3
[ppfg][info][1774569192859] vkQueuePresentKHR frame=3; queueFamily=0; imageIndex=0; waitSemaphores=1
[ppfg][info][1774569193362] black frame present=3; swapchainImageIndex=1
[ppfg][info][1774569193863] vkQueuePresentKHR frame=4; queueFamily=0; imageIndex=2; waitSemaphores=1
[ppfg][info][1774569194365] black frame present=4; swapchainImageIndex=3
[ppfg][info][1774569194866] vkQueuePresentKHR frame=5; queueFamily=0; imageIndex=0; waitSemaphores=1
[ppfg][info][1774569195368] black frame present=5; swapchainImageIndex=1
[ppfg][info][1774569200884] vkDestroySwapchainKHR
[ppfg][info][1774569200885] vkDestroyDevice
[ppfg][info][1774569200965] vkDestroyInstance
