[omfg][info][1774585412013] vkNegotiateLoaderLayerInterfaceVersion ok; mode=reproject-multi-blend-test
[omfg][info][1774585412015] vkCreateInstance ok; mode=reproject-multi-blend-test; app=vkcube; engine=vkcube; apiVersion=1.0.0
[omfg][info][1774585412039] vkCreateDevice appended timing extensions; extensions=VK_KHR_present_id,VK_KHR_present_wait
[omfg][info][1774585412039] vkCreateDevice ok; gpu=AMD Custom GPU 0932 (RADV VANGOGH); presentId=1; presentWait=1; displayTiming=0
[omfg][info][1774585412045] created history image for swapchain
[omfg][info][1774585412045] vkCreateSwapchainKHR ok; extent=500x500; format=44; presentMode=FIFO; minImages=3->6; usage=COLOR_ATTACHMENT (0x10) -> TRANSFER_SRC|SAMPLED|COLOR_ATTACHMENT (0x15); images=6; mode=reproject-multi-blend-test
[omfg][info][1774585412048] vkQueuePresentKHR frame=1; queueFamily=0; imageIndex=0; waitSemaphores=1
[omfg][info][1774585412048] initialized injection resources for queue family 0
[omfg][info][1774585412048] initialized blend resources for swapchain
[omfg][info][1774585412049] reproject-multi-blend primed previous frame history
[omfg][info][1774585412049] vkQueuePresentKHR frame=2; queueFamily=0; imageIndex=1; waitSemaphores=1
[omfg][info][1774585412056] first reproject multi blended generated-frame present succeeded
[omfg][info][1774585412057] reproject multi blended frame present=2; generatedImageIndices=[2, 3]; currentImageIndex=1
[omfg][info][1774585412057] vkQueuePresentKHR frame=3; queueFamily=0; imageIndex=4; waitSemaphores=1
[omfg][info][1774585412065] reproject multi blended frame present=4; generatedImageIndices=[5, 0]; currentImageIndex=4
[omfg][info][1774585412065] vkQueuePresentKHR frame=4; queueFamily=0; imageIndex=2; waitSemaphores=1
[omfg][info][1774585412096] reproject multi blended frame present=6; generatedImageIndices=[3, 1]; currentImageIndex=2
[omfg][info][1774585412098] vkQueuePresentKHR frame=5; queueFamily=0; imageIndex=5; waitSemaphores=1
[omfg][info][1774585412996] reproject multi blended frame present=60; generatedImageIndices=[4, 5]; currentImageIndex=0
[omfg][info][1774585413931] vkQueuePresentKHR frame=60; queueFamily=0; imageIndex=3; waitSemaphores=1
[omfg][info][1774585413996] reproject multi blended frame present=120; generatedImageIndices=[4, 5]; currentImageIndex=0
[omfg][info][1774585414996] reproject multi blended frame present=180; generatedImageIndices=[4, 5]; currentImageIndex=0
[omfg][info][1774585415931] vkQueuePresentKHR frame=120; queueFamily=0; imageIndex=3; waitSemaphores=1
[omfg][info][1774585415963] vkDestroySwapchainKHR
[omfg][info][1774585415965] vkDestroyDevice
[omfg][info][1774585416043] vkDestroyInstance
