[omfg][info][1774585544945] vkNegotiateLoaderLayerInterfaceVersion ok; mode=reproject-multi-blend-test
[omfg][info][1774585544947] vkCreateInstance ok; mode=reproject-multi-blend-test; app=vkcube; engine=vkcube; apiVersion=1.0.0
[omfg][info][1774585544970] vkCreateDevice appended timing extensions; extensions=VK_KHR_present_id,VK_KHR_present_wait
[omfg][info][1774585544970] vkCreateDevice ok; gpu=AMD Custom GPU 0932 (RADV VANGOGH); presentId=1; presentWait=1; displayTiming=0
[omfg][info][1774585544975] created history image for swapchain
[omfg][info][1774585544975] vkCreateSwapchainKHR ok; extent=500x500; format=44; presentMode=IMMEDIATE; minImages=3->6; usage=COLOR_ATTACHMENT (0x10) -> TRANSFER_SRC|SAMPLED|COLOR_ATTACHMENT (0x15); images=6; mode=reproject-multi-blend-test
[omfg][info][1774585544978] vkQueuePresentKHR frame=1; queueFamily=0; imageIndex=0; waitSemaphores=1
[omfg][info][1774585544978] initialized injection resources for queue family 0
[omfg][info][1774585544978] initialized blend resources for swapchain
[omfg][info][1774585544979] reproject-multi-blend primed previous frame history
[omfg][info][1774585544979] vkQueuePresentKHR frame=2; queueFamily=0; imageIndex=1; waitSemaphores=1
[omfg][info][1774585544986] first reproject multi blended generated-frame present succeeded
[omfg][info][1774585544986] reproject multi blended frame present=2; generatedImageIndices=[2, 3]; currentImageIndex=1
[omfg][info][1774585544987] vkQueuePresentKHR frame=3; queueFamily=0; imageIndex=4; waitSemaphores=1
[omfg][info][1774585544995] reproject multi blended frame present=4; generatedImageIndices=[5, 0]; currentImageIndex=4
[omfg][info][1774585544995] vkQueuePresentKHR frame=4; queueFamily=0; imageIndex=2; waitSemaphores=1
[omfg][info][1774585545003] reproject multi blended frame present=6; generatedImageIndices=[3, 1]; currentImageIndex=2
[omfg][info][1774585545004] vkQueuePresentKHR frame=5; queueFamily=0; imageIndex=5; waitSemaphores=1
[omfg][info][1774585545234] reproject multi blended frame present=60; generatedImageIndices=[4, 5]; currentImageIndex=0
[omfg][info][1774585545472] vkQueuePresentKHR frame=60; queueFamily=0; imageIndex=3; waitSemaphores=1
[omfg][info][1774585545489] reproject multi blended frame present=120; generatedImageIndices=[4, 5]; currentImageIndex=0
[omfg][info][1774585545732] reproject multi blended frame present=180; generatedImageIndices=[4, 5]; currentImageIndex=0
[omfg][info][1774585545928] vkQueuePresentKHR frame=120; queueFamily=0; imageIndex=3; waitSemaphores=1
[omfg][info][1774585545936] vkDestroySwapchainKHR
[omfg][info][1774585545937] vkDestroyDevice
[omfg][info][1774585545973] vkDestroyInstance
