[ppfg][info][1774565287283] vkNegotiateLoaderLayerInterfaceVersion ok; mode=search-blend-test
[ppfg][info][1774565287285] vkCreateInstance ok; mode=search-blend-test; app=vkcube; engine=vkcube; apiVersion=1.0.0
[ppfg][info][1774565287307] vkCreateDevice ok; gpu=AMD Custom GPU 0932 (RADV VANGOGH)
[ppfg][info][1774565287313] created history image for swapchain
[ppfg][info][1774565287313] vkCreateSwapchainKHR ok; extent=500x500; format=44; presentMode=FIFO; minImages=3->5; usage=COLOR_ATTACHMENT (0x10) -> TRANSFER_SRC|SAMPLED|COLOR_ATTACHMENT (0x15); images=5; mode=search-blend-test
[ppfg][info][1774565287315] vkQueuePresentKHR frame=1; queueFamily=0; imageIndex=0; waitSemaphores=1
[ppfg][info][1774565287315] initialized injection resources for queue family 0
[ppfg][info][1774565287316] initialized blend resources for swapchain
[ppfg][info][1774565287316] search-blend primed previous frame history
[ppfg][info][1774565287316] vkQueuePresentKHR frame=2; queueFamily=0; imageIndex=1; waitSemaphores=1
[ppfg][info][1774565287316] first search blended generated-frame present succeeded
[ppfg][info][1774565287316] search blended frame present=1; generatedImageIndex=2; currentImageIndex=1
[ppfg][info][1774565287316] vkQueuePresentKHR frame=3; queueFamily=0; imageIndex=3; waitSemaphores=1
[ppfg][info][1774565287317] search blended frame present=2; generatedImageIndex=4; currentImageIndex=3
[ppfg][info][1774565287322] vkQueuePresentKHR frame=4; queueFamily=0; imageIndex=0; waitSemaphores=1
[ppfg][info][1774565287335] search blended frame present=3; generatedImageIndex=2; currentImageIndex=0
[ppfg][info][1774565287344] vkQueuePresentKHR frame=5; queueFamily=0; imageIndex=1; waitSemaphores=1
[ppfg][info][1774565287357] search blended frame present=4; generatedImageIndex=4; currentImageIndex=1
[ppfg][info][1774565287379] search blended frame present=5; generatedImageIndex=2; currentImageIndex=3
[ppfg][info][1774565288566] vkQueuePresentKHR frame=60; queueFamily=0; imageIndex=3; waitSemaphores=1
[ppfg][info][1774565288602] search blended frame present=60; generatedImageIndex=4; currentImageIndex=0
[ppfg][info][1774565289900] vkQueuePresentKHR frame=120; queueFamily=0; imageIndex=3; waitSemaphores=1
[ppfg][info][1774565289912] vkDestroySwapchainKHR
[ppfg][info][1774565289923] vkDestroyDevice
[ppfg][info][1774565290005] vkDestroyInstance
