[ppfg][info][1774565298180] vkNegotiateLoaderLayerInterfaceVersion ok; mode=reproject-blend-test
[ppfg][info][1774565298182] vkCreateInstance ok; mode=reproject-blend-test; app=vkcube; engine=vkcube; apiVersion=1.0.0
[ppfg][info][1774565298205] vkCreateDevice ok; gpu=AMD Custom GPU 0932 (RADV VANGOGH)
[ppfg][info][1774565298210] created history image for swapchain
[ppfg][info][1774565298210] vkCreateSwapchainKHR ok; extent=500x500; format=44; presentMode=FIFO; minImages=3->5; usage=COLOR_ATTACHMENT (0x10) -> TRANSFER_SRC|SAMPLED|COLOR_ATTACHMENT (0x15); images=5; mode=reproject-blend-test
[ppfg][info][1774565298212] vkQueuePresentKHR frame=1; queueFamily=0; imageIndex=0; waitSemaphores=1
[ppfg][info][1774565298212] initialized injection resources for queue family 0
[ppfg][info][1774565298212] initialized blend resources for swapchain
[ppfg][info][1774565298213] reproject-blend primed previous frame history
[ppfg][info][1774565298213] vkQueuePresentKHR frame=2; queueFamily=0; imageIndex=1; waitSemaphores=1
[ppfg][info][1774565298217] first reproject blended generated-frame present succeeded
[ppfg][info][1774565298217] reproject blended frame present=1; generatedImageIndex=2; currentImageIndex=1
[ppfg][info][1774565298217] vkQueuePresentKHR frame=3; queueFamily=0; imageIndex=3; waitSemaphores=1
[ppfg][info][1774565298221] reproject blended frame present=2; generatedImageIndex=4; currentImageIndex=3
[ppfg][info][1774565298222] vkQueuePresentKHR frame=4; queueFamily=0; imageIndex=0; waitSemaphores=1
[ppfg][info][1774565298238] reproject blended frame present=3; generatedImageIndex=2; currentImageIndex=0
[ppfg][info][1774565298244] vkQueuePresentKHR frame=5; queueFamily=0; imageIndex=1; waitSemaphores=1
[ppfg][info][1774565298260] reproject blended frame present=4; generatedImageIndex=4; currentImageIndex=1
[ppfg][info][1774565298283] reproject blended frame present=5; generatedImageIndex=2; currentImageIndex=3
[ppfg][info][1774565299466] vkQueuePresentKHR frame=60; queueFamily=0; imageIndex=3; waitSemaphores=1
[ppfg][info][1774565299505] reproject blended frame present=60; generatedImageIndex=4; currentImageIndex=0
[ppfg][info][1774565300800] vkQueuePresentKHR frame=120; queueFamily=0; imageIndex=3; waitSemaphores=1
[ppfg][info][1774565300816] vkDestroySwapchainKHR
[ppfg][info][1774565300823] vkDestroyDevice
[ppfg][info][1774565300909] vkDestroyInstance
