[omfg][info][1774568437550] vkNegotiateLoaderLayerInterfaceVersion ok; mode=adaptive-multi-blend-test
[omfg][info][1774568437552] vkCreateInstance ok; mode=adaptive-multi-blend-test; app=vkcube; engine=vkcube; apiVersion=1.0.0
[omfg][info][1774568437575] vkCreateDevice ok; gpu=AMD Custom GPU 0932 (RADV VANGOGH)
[omfg][info][1774568437580] created history image for swapchain
[omfg][info][1774568437580] vkCreateSwapchainKHR ok; extent=500x500; format=44; presentMode=IMMEDIATE; minImages=3->6; usage=COLOR_ATTACHMENT (0x10) -> TRANSFER_SRC|SAMPLED|COLOR_ATTACHMENT (0x15); images=6; mode=adaptive-multi-blend-test
[omfg][info][1774568437582] vkQueuePresentKHR frame=1; queueFamily=0; imageIndex=0; waitSemaphores=1
[omfg][info][1774568437582] initialized injection resources for queue family 0
[omfg][info][1774568437582] initialized blend resources for swapchain
[omfg][info][1774568437582] adaptive-multi target controller; present=1; targetFps=90.0; baseFps=0.0; desiredGeneratedFrames=0.000; emittedGeneratedFrames=0; carry=0.000; intervalMs=0.000; smoothedIntervalMs=0.000
[omfg][info][1774568437583] adaptive-multi-blend primed previous frame history
[omfg][info][1774568437583] vkQueuePresentKHR frame=2; queueFamily=0; imageIndex=1; waitSemaphores=1
[omfg][info][1774568437583] adaptive-multi target controller; present=2; targetFps=90.0; baseFps=1114.8; desiredGeneratedFrames=0.000; emittedGeneratedFrames=0; carry=0.000; intervalMs=0.897; smoothedIntervalMs=0.897
[omfg][info][1774568437583] adaptive-multi-blend refreshed history without generated frame; currentImageIndex=1
[omfg][info][1774568437583] vkQueuePresentKHR frame=3; queueFamily=0; imageIndex=2; waitSemaphores=1
[omfg][info][1774568437583] adaptive-multi target controller; present=3; targetFps=90.0; baseFps=1339.1; desiredGeneratedFrames=0.000; emittedGeneratedFrames=0; carry=0.000; intervalMs=0.296; smoothedIntervalMs=0.747
[omfg][info][1774568437583] adaptive-multi-blend refreshed history without generated frame; currentImageIndex=2
[omfg][info][1774568437583] vkQueuePresentKHR frame=4; queueFamily=0; imageIndex=3; waitSemaphores=1
[omfg][info][1774568437583] adaptive-multi target controller; present=4; targetFps=90.0; baseFps=1554.5; desiredGeneratedFrames=0.000; emittedGeneratedFrames=0; carry=0.000; intervalMs=0.333; smoothedIntervalMs=0.643
[omfg][info][1774568437584] adaptive-multi-blend refreshed history without generated frame; currentImageIndex=3
[omfg][info][1774568437584] vkQueuePresentKHR frame=5; queueFamily=0; imageIndex=4; waitSemaphores=1
[omfg][info][1774568437584] adaptive-multi target controller; present=5; targetFps=90.0; baseFps=1781.8; desiredGeneratedFrames=0.000; emittedGeneratedFrames=0; carry=0.000; intervalMs=0.315; smoothedIntervalMs=0.561
[omfg][info][1774568437584] adaptive-multi-blend refreshed history without generated frame; currentImageIndex=4
[omfg][info][1774568437600] vkQueuePresentKHR frame=60; queueFamily=0; imageIndex=5; waitSemaphores=1
[omfg][info][1774568437600] adaptive-multi target controller; present=60; targetFps=90.0; baseFps=3496.8; desiredGeneratedFrames=0.000; emittedGeneratedFrames=0; carry=0.000; intervalMs=0.272; smoothedIntervalMs=0.286
[omfg][info][1774568437600] adaptive-multi-blend refreshed history without generated frame; currentImageIndex=5
[omfg][info][1774568437615] vkQueuePresentKHR frame=120; queueFamily=0; imageIndex=5; waitSemaphores=1
[omfg][info][1774568437615] adaptive-multi target controller; present=120; targetFps=90.0; baseFps=3921.2; desiredGeneratedFrames=0.000; emittedGeneratedFrames=0; carry=0.000; intervalMs=0.245; smoothedIntervalMs=0.255
[omfg][info][1774568437616] adaptive-multi-blend refreshed history without generated frame; currentImageIndex=5
[omfg][info][1774568437616] vkDestroySwapchainKHR
[omfg][info][1774568437617] vkDestroyDevice
[omfg][info][1774568437675] vkDestroyInstance
