[ppfg][info][1774565511430] vkNegotiateLoaderLayerInterfaceVersion ok; mode=adaptive-multi-blend-test
[ppfg][info][1774565511432] vkCreateInstance ok; mode=adaptive-multi-blend-test; app=vkcube; engine=vkcube; apiVersion=1.0.0
[ppfg][info][1774565511456] vkCreateDevice ok; gpu=AMD Custom GPU 0932 (RADV VANGOGH)
[ppfg][info][1774565511460] created history image for swapchain
[ppfg][info][1774565511461] vkCreateSwapchainKHR ok; extent=500x500; format=44; presentMode=IMMEDIATE; minImages=3->6; usage=COLOR_ATTACHMENT (0x10) -> TRANSFER_SRC|SAMPLED|COLOR_ATTACHMENT (0x15); images=6; mode=adaptive-multi-blend-test
[ppfg][info][1774565511463] vkQueuePresentKHR frame=1; queueFamily=0; imageIndex=0; waitSemaphores=1
[ppfg][info][1774565511463] initialized injection resources for queue family 0
[ppfg][info][1774565511463] initialized blend resources for swapchain
[ppfg][info][1774565511463] adaptive-multi target controller; present=1; targetFps=90.0; baseFps=0.0; desiredGeneratedFrames=0.000; emittedGeneratedFrames=0; carry=0.000; intervalMs=0.000; smoothedIntervalMs=0.000
[ppfg][info][1774565511464] adaptive-multi-blend primed previous frame history
[ppfg][info][1774565511464] vkQueuePresentKHR frame=2; queueFamily=0; imageIndex=1; waitSemaphores=1
[ppfg][info][1774565511464] adaptive-multi target controller; present=2; targetFps=90.0; baseFps=1124.9; desiredGeneratedFrames=0.000; emittedGeneratedFrames=0; carry=0.000; intervalMs=0.889; smoothedIntervalMs=0.889
[ppfg][info][1774565511464] adaptive-multi-blend refreshed history without generated frame; currentImageIndex=1
[ppfg][info][1774565511464] vkQueuePresentKHR frame=3; queueFamily=0; imageIndex=2; waitSemaphores=1
[ppfg][info][1774565511464] adaptive-multi target controller; present=3; targetFps=90.0; baseFps=1307.2; desiredGeneratedFrames=0.000; emittedGeneratedFrames=0; carry=0.000; intervalMs=0.393; smoothedIntervalMs=0.765
[ppfg][info][1774565511464] adaptive-multi-blend refreshed history without generated frame; currentImageIndex=2
[ppfg][info][1774565511465] vkQueuePresentKHR frame=4; queueFamily=0; imageIndex=3; waitSemaphores=1
[ppfg][info][1774565511465] adaptive-multi target controller; present=4; targetFps=90.0; baseFps=1507.2; desiredGeneratedFrames=0.000; emittedGeneratedFrames=0; carry=0.000; intervalMs=0.359; smoothedIntervalMs=0.664
[ppfg][info][1774565511465] adaptive-multi-blend refreshed history without generated frame; currentImageIndex=3
[ppfg][info][1774565511465] vkQueuePresentKHR frame=5; queueFamily=0; imageIndex=4; waitSemaphores=1
[ppfg][info][1774565511465] adaptive-multi target controller; present=5; targetFps=90.0; baseFps=1698.2; desiredGeneratedFrames=0.000; emittedGeneratedFrames=0; carry=0.000; intervalMs=0.365; smoothedIntervalMs=0.589
[ppfg][info][1774565511465] adaptive-multi-blend refreshed history without generated frame; currentImageIndex=4
[ppfg][info][1774565511480] vkQueuePresentKHR frame=60; queueFamily=0; imageIndex=5; waitSemaphores=1
[ppfg][info][1774565511480] adaptive-multi target controller; present=60; targetFps=90.0; baseFps=3823.3; desiredGeneratedFrames=0.000; emittedGeneratedFrames=0; carry=0.000; intervalMs=0.259; smoothedIntervalMs=0.262
[ppfg][info][1774565511480] adaptive-multi-blend refreshed history without generated frame; currentImageIndex=5
[ppfg][info][1774565511497] vkQueuePresentKHR frame=120; queueFamily=0; imageIndex=5; waitSemaphores=1
[ppfg][info][1774565511497] adaptive-multi target controller; present=120; targetFps=90.0; baseFps=3499.6; desiredGeneratedFrames=0.000; emittedGeneratedFrames=0; carry=0.000; intervalMs=0.298; smoothedIntervalMs=0.286
[ppfg][info][1774565511497] adaptive-multi-blend refreshed history without generated frame; currentImageIndex=5
[ppfg][info][1774565511497] vkDestroySwapchainKHR
[ppfg][info][1774565511498] vkDestroyDevice
[ppfg][info][1774565511554] vkDestroyInstance
