[omfg][info][1774585742245] vkNegotiateLoaderLayerInterfaceVersion ok; mode=reproject-multi-blend-test
[omfg][info][1774585742247] vkCreateInstance ok; mode=reproject-multi-blend-test; app=vkcube; engine=vkcube; apiVersion=1.0.0
[omfg][info][1774585742270] vkCreateDevice appended timing extensions; extensions=VK_KHR_present_id,VK_KHR_present_wait
[omfg][info][1774585742270] vkCreateDevice ok; gpu=AMD Custom GPU 0932 (RADV VANGOGH); presentId=1; presentWait=1; displayTiming=0
[omfg][info][1774585742275] created history image for swapchain
[omfg][info][1774585742275] expanded multi-fg swapchain headroom; requestedGeneratedFrames=6; minImages=6->7; cap=32
[omfg][info][1774585742275] vkCreateSwapchainKHR ok; extent=500x500; format=44; presentMode=FIFO; minImages=3->7; usage=COLOR_ATTACHMENT (0x10) -> TRANSFER_SRC|SAMPLED|COLOR_ATTACHMENT (0x15); images=7; mode=reproject-multi-blend-test
[omfg][info][1774585742277] vkQueuePresentKHR frame=1; queueFamily=0; imageIndex=0; waitSemaphores=1
[omfg][info][1774585742277] initialized injection resources for queue family 0
[omfg][info][1774585742278] initialized blend resources for swapchain
[omfg][info][1774585742278] reproject-multi-blend primed previous frame history
[omfg][info][1774585742278] vkQueuePresentKHR frame=2; queueFamily=0; imageIndex=1; waitSemaphores=1
[omfg][warn][1774585742278] multi-blend falling back to cpu acquire path; generatedFrames=6; swapchainImages=7
[omfg][info][1774585742315] first reproject multi blended generated-frame present succeeded
[omfg][info][1774585742315] reproject multi blended frame present=6; generatedImageIndices=[2, 3, 4, 5, 6, 0]; currentImageIndex=1
[omfg][info][1774585742323] vkQueuePresentKHR frame=3; queueFamily=0; imageIndex=2; waitSemaphores=1
[omfg][warn][1774585742323] multi-blend falling back to cpu acquire path; generatedFrames=6; swapchainImages=7
[omfg][info][1774585742415] reproject multi blended frame present=12; generatedImageIndices=[3, 4, 5, 6, 0, 1]; currentImageIndex=2
[omfg][info][1774585742423] vkQueuePresentKHR frame=4; queueFamily=0; imageIndex=3; waitSemaphores=1
[omfg][warn][1774585742423] multi-blend falling back to cpu acquire path; generatedFrames=6; swapchainImages=7
[omfg][info][1774585742515] reproject multi blended frame present=18; generatedImageIndices=[4, 5, 6, 0, 1, 2]; currentImageIndex=3
[omfg][info][1774585742523] vkQueuePresentKHR frame=5; queueFamily=0; imageIndex=4; waitSemaphores=1
[omfg][warn][1774585742523] multi-blend falling back to cpu acquire path; generatedFrames=6; swapchainImages=7
[omfg][info][1774585743215] reproject multi blended frame present=60; generatedImageIndices=[4, 5, 6, 0, 1, 2]; currentImageIndex=3
[omfg][info][1774585744214] reproject multi blended frame present=120; generatedImageIndices=[0, 1, 2, 3, 4, 5]; currentImageIndex=6
[omfg][info][1774585745214] reproject multi blended frame present=180; generatedImageIndices=[3, 4, 5, 6, 0, 1]; currentImageIndex=2
[omfg][info][1774585746214] reproject multi blended frame present=240; generatedImageIndices=[6, 0, 1, 2, 3, 4]; currentImageIndex=5
[omfg][info][1774585747214] reproject multi blended frame present=300; generatedImageIndices=[2, 3, 4, 5, 6, 0]; currentImageIndex=1
[omfg][info][1774585748023] vkQueuePresentKHR frame=60; queueFamily=0; imageIndex=3; waitSemaphores=1
[omfg][warn][1774585748023] multi-blend falling back to cpu acquire path; generatedFrames=6; swapchainImages=7
[omfg][info][1774585748214] reproject multi blended frame present=360; generatedImageIndices=[5, 6, 0, 1, 2, 3]; currentImageIndex=4
[omfg][info][1774585749215] reproject multi blended frame present=420; generatedImageIndices=[1, 2, 3, 4, 5, 6]; currentImageIndex=0
[omfg][info][1774585750215] reproject multi blended frame present=480; generatedImageIndices=[4, 5, 6, 0, 1, 2]; currentImageIndex=3
[omfg][info][1774585751215] reproject multi blended frame present=540; generatedImageIndices=[0, 1, 2, 3, 4, 5]; currentImageIndex=6
[omfg][info][1774585752214] reproject multi blended frame present=600; generatedImageIndices=[3, 4, 5, 6, 0, 1]; currentImageIndex=2
[omfg][info][1774585753214] reproject multi blended frame present=660; generatedImageIndices=[6, 0, 1, 2, 3, 4]; currentImageIndex=5
[omfg][info][1774585754023] vkQueuePresentKHR frame=120; queueFamily=0; imageIndex=0; waitSemaphores=1
[omfg][warn][1774585754023] multi-blend falling back to cpu acquire path; generatedFrames=6; swapchainImages=7
[omfg][info][1774585754115] vkDestroySwapchainKHR
[omfg][info][1774585754124] vkDestroyDevice
[omfg][info][1774585754187] vkDestroyInstance
