[omfg][info][1774585756055] vkNegotiateLoaderLayerInterfaceVersion ok; mode=reproject-adaptive-multi-blend-test
[omfg][info][1774585756057] vkCreateInstance ok; mode=reproject-adaptive-multi-blend-test; app=vkcube; engine=vkcube; apiVersion=1.0.0
[omfg][info][1774585756079] vkCreateDevice appended timing extensions; extensions=VK_KHR_present_id,VK_KHR_present_wait
[omfg][info][1774585756079] vkCreateDevice ok; gpu=AMD Custom GPU 0932 (RADV VANGOGH); presentId=1; presentWait=1; displayTiming=0
[omfg][info][1774585756084] created history image for swapchain
[omfg][info][1774585756084] expanded multi-fg swapchain headroom; requestedGeneratedFrames=6; minImages=6->7; cap=32
[omfg][info][1774585756084] vkCreateSwapchainKHR ok; extent=500x500; format=44; presentMode=FIFO; minImages=3->7; usage=COLOR_ATTACHMENT (0x10) -> TRANSFER_SRC|SAMPLED|COLOR_ATTACHMENT (0x15); images=7; mode=reproject-adaptive-multi-blend-test
[omfg][info][1774585756087] vkQueuePresentKHR frame=1; queueFamily=0; imageIndex=0; waitSemaphores=1
[omfg][info][1774585756087] initialized injection resources for queue family 0
[omfg][info][1774585756087] initialized blend resources for swapchain
[omfg][info][1774585756087] reproject-adaptive-multi target controller; present=1; targetFps=0.0; baseFps=0.0; desiredGeneratedFrames=6.000; emittedGeneratedFrames=6; carry=0.000; intervalMs=0.000; smoothedIntervalMs=0.000
[omfg][info][1774585756087] reproject-adaptive-multi-blend primed previous frame history
[omfg][info][1774585756088] vkQueuePresentKHR frame=2; queueFamily=0; imageIndex=1; waitSemaphores=1
[omfg][info][1774585756088] reproject-adaptive-multi target controller; present=2; targetFps=0.0; baseFps=1096.5; desiredGeneratedFrames=1.000; emittedGeneratedFrames=1; carry=0.000; intervalMs=0.912; smoothedIntervalMs=0.912
[omfg][info][1774585756092] first reproject adaptive multi blended generated-frame present succeeded
[omfg][info][1774585756092] reproject adaptive multi blended frame present=1; generatedImageIndices=[2]; currentImageIndex=1
[omfg][info][1774585756092] vkQueuePresentKHR frame=3; queueFamily=0; imageIndex=3; waitSemaphores=1
[omfg][info][1774585756092] reproject-adaptive-multi target controller; present=3; targetFps=0.0; baseFps=236.0; desiredGeneratedFrames=4.000; emittedGeneratedFrames=4; carry=0.000; intervalMs=4.237; smoothedIntervalMs=1.743
[omfg][info][1774585756108] reproject adaptive multi blended frame present=5; generatedImageIndices=[4, 5, 6, 0]; currentImageIndex=3
[omfg][info][1774585756108] vkQueuePresentKHR frame=4; queueFamily=0; imageIndex=2; waitSemaphores=1
[omfg][info][1774585756108] reproject-adaptive-multi target controller; present=4; targetFps=0.0; baseFps=62.1; desiredGeneratedFrames=6.000; emittedGeneratedFrames=6; carry=0.000; intervalMs=16.111; smoothedIntervalMs=5.335
[omfg][warn][1774585756108] multi-blend falling back to cpu acquire path; generatedFrames=6; swapchainImages=7
[omfg][info][1774585756192] reproject adaptive multi blended frame present=11; generatedImageIndices=[1, 4, 5, 6, 0, 3]; currentImageIndex=2
[omfg][info][1774585756201] vkQueuePresentKHR frame=5; queueFamily=0; imageIndex=1; waitSemaphores=1
[omfg][info][1774585756201] reproject-adaptive-multi target controller; present=5; targetFps=0.0; baseFps=10.8; desiredGeneratedFrames=6.000; emittedGeneratedFrames=6; carry=0.000; intervalMs=92.782; smoothedIntervalMs=27.197
[omfg][warn][1774585756201] multi-blend falling back to cpu acquire path; generatedFrames=6; swapchainImages=7
[omfg][info][1774585756292] reproject adaptive multi blended frame present=17; generatedImageIndices=[4, 5, 6, 0, 3, 2]; currentImageIndex=1
[omfg][info][1774585761701] vkQueuePresentKHR frame=60; queueFamily=0; imageIndex=2; waitSemaphores=1
[omfg][info][1774585761701] reproject-adaptive-multi target controller; present=60; targetFps=0.0; baseFps=10.0; desiredGeneratedFrames=6.000; emittedGeneratedFrames=6; carry=0.000; intervalMs=100.084; smoothedIntervalMs=100.046
[omfg][warn][1774585761701] multi-blend falling back to cpu acquire path; generatedFrames=6; swapchainImages=7
[omfg][info][1774585767700] vkQueuePresentKHR frame=120; queueFamily=0; imageIndex=6; waitSemaphores=1
[omfg][info][1774585767701] reproject-adaptive-multi target controller; present=120; targetFps=0.0; baseFps=10.0; desiredGeneratedFrames=6.000; emittedGeneratedFrames=6; carry=0.000; intervalMs=100.023; smoothedIntervalMs=100.006
[omfg][warn][1774585767701] multi-blend falling back to cpu acquire path; generatedFrames=6; swapchainImages=7
[omfg][info][1774585767793] vkDestroySwapchainKHR
[omfg][info][1774585767801] vkDestroyDevice
[omfg][info][1774585767893] vkDestroyInstance
