[omfg][info][1774558193430] vkNegotiateLoaderLayerInterfaceVersion ok; mode=adaptive-multi-blend-test
[omfg][info][1774558193432] vkCreateInstance ok; mode=adaptive-multi-blend-test; app=vkcube; engine=vkcube; apiVersion=1.0.0
[omfg][info][1774558193455] vkCreateDevice ok; gpu=AMD Custom GPU 0932 (RADV VANGOGH)
[omfg][info][1774558193460] created history image for swapchain
[omfg][info][1774558193460] vkCreateSwapchainKHR ok; extent=500x500; format=44; presentMode=IMMEDIATE; minImages=3->6; usage=COLOR_ATTACHMENT (0x10) -> TRANSFER_SRC|SAMPLED|COLOR_ATTACHMENT (0x15); images=6; mode=adaptive-multi-blend-test
[omfg][info][1774558193462] vkQueuePresentKHR frame=1; queueFamily=0; imageIndex=0; waitSemaphores=1
[omfg][info][1774558193462] initialized injection resources for queue family 0
[omfg][info][1774558193463] initialized blend resources for swapchain
[omfg][info][1774558193463] adaptive-multi-blend primed previous frame history
[omfg][info][1774558193463] vkQueuePresentKHR frame=2; queueFamily=0; imageIndex=1; waitSemaphores=1
[omfg][info][1774558193463] first adaptive multi blended generated-frame present succeeded
[omfg][info][1774558193463] adaptive multi blended frame present=1; generatedImageIndices=[2]; currentImageIndex=1
[omfg][info][1774558193463] vkQueuePresentKHR frame=3; queueFamily=0; imageIndex=3; waitSemaphores=1
[omfg][info][1774558193464] adaptive multi blended frame present=2; generatedImageIndices=[4]; currentImageIndex=3
[omfg][info][1774558193464] vkQueuePresentKHR frame=4; queueFamily=0; imageIndex=5; waitSemaphores=1
[omfg][info][1774558193464] adaptive multi blended frame present=3; generatedImageIndices=[0]; currentImageIndex=5
[omfg][info][1774558193464] vkQueuePresentKHR frame=5; queueFamily=0; imageIndex=2; waitSemaphores=1
[omfg][info][1774558193486] vkQueuePresentKHR frame=60; queueFamily=0; imageIndex=4; waitSemaphores=1
[omfg][info][1774558193486] adaptive multi blended frame present=60; generatedImageIndices=[5]; currentImageIndex=0
[omfg][info][1774558193509] vkQueuePresentKHR frame=120; queueFamily=0; imageIndex=4; waitSemaphores=1
[omfg][info][1774558193510] vkDestroySwapchainKHR
[omfg][info][1774558193511] vkDestroyDevice
[omfg][info][1774558193540] vkDestroyInstance
