[omfg][info][1774568352070] vkNegotiateLoaderLayerInterfaceVersion ok; mode=reproject-blend-test
[omfg][info][1774568352072] vkCreateInstance ok; mode=reproject-blend-test; app=vkcube; engine=vkcube; apiVersion=1.0.0
[omfg][info][1774568352094] vkCreateDevice ok; gpu=AMD Custom GPU 0932 (RADV VANGOGH)
[omfg][info][1774568352099] created history image for swapchain
[omfg][info][1774568352099] vkCreateSwapchainKHR ok; extent=500x500; format=44; presentMode=IMMEDIATE; minImages=3->5; usage=COLOR_ATTACHMENT (0x10) -> TRANSFER_SRC|SAMPLED|COLOR_ATTACHMENT (0x15); images=5; mode=reproject-blend-test
[omfg][info][1774568352101] vkQueuePresentKHR frame=1; queueFamily=0; imageIndex=0; waitSemaphores=1
[omfg][info][1774568352101] initialized injection resources for queue family 0
[omfg][info][1774568352102] initialized blend resources for swapchain
[omfg][info][1774568352102] reproject-blend primed previous frame history
[omfg][info][1774568352102] vkQueuePresentKHR frame=2; queueFamily=0; imageIndex=1; waitSemaphores=1
[omfg][info][1774568352106] first reproject blended generated-frame present succeeded
[omfg][info][1774568352106] reproject blended frame present=1; generatedImageIndex=2; currentImageIndex=1
[omfg][info][1774568352106] vkQueuePresentKHR frame=3; queueFamily=0; imageIndex=3; waitSemaphores=1
[omfg][info][1774568352110] reproject blended frame present=2; generatedImageIndex=4; currentImageIndex=3
[omfg][info][1774568352111] vkQueuePresentKHR frame=4; queueFamily=0; imageIndex=0; waitSemaphores=1
[omfg][info][1774568352115] reproject blended frame present=3; generatedImageIndex=2; currentImageIndex=0
[omfg][info][1774568352115] vkQueuePresentKHR frame=5; queueFamily=0; imageIndex=1; waitSemaphores=1
[omfg][info][1774568352119] reproject blended frame present=4; generatedImageIndex=4; currentImageIndex=1
[omfg][info][1774568352123] reproject blended frame present=5; generatedImageIndex=2; currentImageIndex=3
[omfg][info][1774568352352] vkQueuePresentKHR frame=60; queueFamily=0; imageIndex=3; waitSemaphores=1
[omfg][info][1774568352361] reproject blended frame present=60; generatedImageIndex=4; currentImageIndex=0
[omfg][info][1774568352617] vkQueuePresentKHR frame=120; queueFamily=0; imageIndex=3; waitSemaphores=1
[omfg][info][1774568352622] vkDestroySwapchainKHR
[omfg][info][1774568352630] vkDestroyDevice
[omfg][info][1774568352695] vkDestroyInstance
