[omfg][info][1774623573799] vkNegotiateLoaderLayerInterfaceVersion ok; mode=optflow-blend-test
[omfg][info][1774623573801] vkCreateInstance ok; mode=optflow-blend-test; app=vkcube; engine=vkcube; apiVersion=1.0.0
[omfg][info][1774623573824] vkCreateDevice appended timing extensions; extensions=VK_KHR_present_id,VK_KHR_present_wait
[omfg][info][1774623573824] vkCreateDevice ok; gpu=AMD Custom GPU 0932 (RADV VANGOGH); presentId=1; presentWait=1; displayTiming=0
[omfg][info][1774623573829] created history image for swapchain
[omfg][info][1774623573830] vkCreateSwapchainKHR ok; extent=500x500; format=44; presentMode=FIFO; minImages=3->5; usage=COLOR_ATTACHMENT (0x10) -> TRANSFER_SRC|SAMPLED|COLOR_ATTACHMENT (0x15); images=5; mode=optflow-blend-test
[omfg][info][1774623573832] vkQueuePresentKHR passthrough frame=1; queueFamily=0; imageIndex=0; waitSemaphores=1
[omfg][info][1774623573832] initialized benchmark timestamp query pool; capacity=4096; timestampPeriodNs=10.000; timestampValidBits=64
[omfg][info][1774623573832] initialized injection resources for queue family 0
[omfg][info][1774623573833] initialized blend resources for swapchain
[omfg][info][1774623573833] optflow-blend primed previous frame history
[omfg][info][1774623573833] vkQueuePresentKHR passthrough frame=2; queueFamily=0; imageIndex=1; waitSemaphores=1
[omfg][info][1774623573844] benchmark sample; label=optflow-blend-default; mode=optflow-blend-test; debugView=off; sample=1; present=2; generatedFrames=1; cpuAcquireMs=0.017; cpuSetupMs=0.003; cpuRecordMs=0.038; cpuSubmitMs=0.042; cpuSubmitWaitMs=0.000; cpuGeneratedPresentMs=0.049; cpuOriginalPresentMs=0.044; cpuQueueIdleMs=11.107; cpuTotalMs=11.301; gpuCmdMs=11.022; gpuAvailable=1
[omfg][info][1774623573844] first optical-flow blended generated-frame present succeeded
[omfg][info][1774623573844] optical-flow blended frame present=1; generatedImageIndex=2; currentImageIndex=1
[omfg][info][1774623573845] vkQueuePresentKHR passthrough frame=3; queueFamily=0; imageIndex=3; waitSemaphores=1
[omfg][info][1774623573856] benchmark sample; label=optflow-blend-default; mode=optflow-blend-test; debugView=off; sample=2; present=3; generatedFrames=1; cpuAcquireMs=0.028; cpuSetupMs=0.036; cpuRecordMs=0.121; cpuSubmitMs=0.064; cpuSubmitWaitMs=0.000; cpuGeneratedPresentMs=0.085; cpuOriginalPresentMs=0.068; cpuQueueIdleMs=11.022; cpuTotalMs=11.422; gpuCmdMs=10.934; gpuAvailable=1
[omfg][info][1774623573856] optical-flow blended frame present=2; generatedImageIndex=4; currentImageIndex=3
[omfg][info][1774623573857] vkQueuePresentKHR passthrough frame=4; queueFamily=0; imageIndex=0; waitSemaphores=1
[omfg][info][1774623573868] benchmark sample; label=optflow-blend-default; mode=optflow-blend-test; debugView=off; sample=3; present=4; generatedFrames=1; cpuAcquireMs=0.030; cpuSetupMs=0.038; cpuRecordMs=0.107; cpuSubmitMs=0.064; cpuSubmitWaitMs=0.000; cpuGeneratedPresentMs=0.092; cpuOriginalPresentMs=0.074; cpuQueueIdleMs=10.921; cpuTotalMs=11.327; gpuCmdMs=10.881; gpuAvailable=1
[omfg][info][1774623573868] optical-flow blended frame present=3; generatedImageIndex=2; currentImageIndex=0
[omfg][info][1774623573869] vkQueuePresentKHR passthrough frame=5; queueFamily=0; imageIndex=1; waitSemaphores=1
[omfg][info][1774623573887] benchmark sample; label=optflow-blend-default; mode=optflow-blend-test; debugView=off; sample=4; present=5; generatedFrames=1; cpuAcquireMs=5.899; cpuSetupMs=0.018; cpuRecordMs=0.134; cpuSubmitMs=0.121; cpuSubmitWaitMs=0.000; cpuGeneratedPresentMs=0.118; cpuOriginalPresentMs=0.091; cpuQueueIdleMs=11.940; cpuTotalMs=18.320; gpuCmdMs=10.936; gpuAvailable=1
[omfg][info][1774623573887] optical-flow blended frame present=4; generatedImageIndex=4; currentImageIndex=1
[omfg][info][1774623573909] benchmark sample; label=optflow-blend-default; mode=optflow-blend-test; debugView=off; sample=5; present=6; generatedFrames=1; cpuAcquireMs=9.206; cpuSetupMs=0.020; cpuRecordMs=0.139; cpuSubmitMs=0.125; cpuSubmitWaitMs=0.000; cpuGeneratedPresentMs=0.107; cpuOriginalPresentMs=0.089; cpuQueueIdleMs=11.930; cpuTotalMs=21.616; gpuCmdMs=10.971; gpuAvailable=1
[omfg][info][1774623573910] optical-flow blended frame present=5; generatedImageIndex=2; currentImageIndex=3
[omfg][info][1774623575088] vkQueuePresentKHR passthrough frame=60; queueFamily=0; imageIndex=3; waitSemaphores=1
[omfg][info][1774623575110] benchmark summary; label=optflow-blend-default; mode=optflow-blend-test; debugView=off; samples=59; generatedFrames=59; gpuSamples=59; avgCpuAcquireMs=8.834; avgCpuSetupMs=0.017; avgCpuRecordMs=0.111; avgCpuSubmitMs=0.101; avgCpuSubmitWaitMs=0.000; avgCpuGeneratedPresentMs=0.092; avgCpuOriginalPresentMs=0.066; avgCpuQueueIdleMs=12.067; avgCpuTotalMs=21.288; avgCpuPerGeneratedFrameMs=21.288; maxCpuTotalMs=22.737; avgGpuCmdMs=10.955; avgGpuPerGeneratedFrameMs=10.955; maxGpuCmdMs=11.024
[omfg][info][1774623575111] vkDestroySwapchainKHR
[omfg][info][1774623575120] vkDestroyDevice
[omfg][info][1774623575212] vkDestroyInstance
