[omfg][info][1774568773419] vkNegotiateLoaderLayerInterfaceVersion ok; mode=bfi-test
[omfg][info][1774568773421] vkCreateInstance ok; mode=bfi-test; app=vkcube; engine=vkcube; apiVersion=1.0.0
[omfg][info][1774568773443] vkCreateDevice ok; gpu=AMD Custom GPU 0932 (RADV VANGOGH)
[omfg][info][1774568773447] vkCreateSwapchainKHR ok; extent=500x500; format=44; presentMode=IMMEDIATE; minImages=3->4; usage=COLOR_ATTACHMENT (0x10) -> TRANSFER_DST|COLOR_ATTACHMENT (0x12); images=4; mode=bfi-test
[omfg][info][1774568773449] vkQueuePresentKHR frame=1; queueFamily=0; imageIndex=0; waitSemaphores=1
[omfg][info][1774568773449] initialized injection resources for queue family 0
[omfg][info][1774568773450] bfi settings; period=1
[omfg][info][1774568773450] first generated black-frame present succeeded
[omfg][info][1774568773450] black frame present=1; swapchainImageIndex=1
[omfg][info][1774568773450] vkQueuePresentKHR frame=2; queueFamily=0; imageIndex=2; waitSemaphores=1
[omfg][info][1774568773450] black frame present=2; swapchainImageIndex=3
[omfg][info][1774568773450] vkQueuePresentKHR frame=3; queueFamily=0; imageIndex=0; waitSemaphores=1
[omfg][info][1774568773450] black frame present=3; swapchainImageIndex=1
[omfg][info][1774568773451] vkQueuePresentKHR frame=4; queueFamily=0; imageIndex=2; waitSemaphores=1
[omfg][info][1774568773451] black frame present=4; swapchainImageIndex=3
[omfg][info][1774568773451] vkQueuePresentKHR frame=5; queueFamily=0; imageIndex=0; waitSemaphores=1
[omfg][info][1774568773451] black frame present=5; swapchainImageIndex=1
[omfg][info][1774568773467] vkQueuePresentKHR frame=60; queueFamily=0; imageIndex=2; waitSemaphores=1
[omfg][info][1774568773467] black frame present=60; swapchainImageIndex=3
[omfg][info][1774568773483] vkQueuePresentKHR frame=120; queueFamily=0; imageIndex=2; waitSemaphores=1
[omfg][info][1774568773484] black frame present=120; swapchainImageIndex=3
[omfg][info][1774568773484] vkDestroySwapchainKHR
[omfg][info][1774568773485] vkDestroyDevice
[omfg][info][1774568773545] vkDestroyInstance
