[omfg][info][1774568775382] vkNegotiateLoaderLayerInterfaceVersion ok; mode=bfi-test
[omfg][info][1774568775384] vkCreateInstance ok; mode=bfi-test; app=vkcube; engine=vkcube; apiVersion=1.0.0
[omfg][info][1774568775408] vkCreateDevice ok; gpu=AMD Custom GPU 0932 (RADV VANGOGH)
[omfg][info][1774568775413] vkCreateSwapchainKHR ok; extent=500x500; format=44; presentMode=FIFO; minImages=3->4; usage=COLOR_ATTACHMENT (0x10) -> TRANSFER_DST|COLOR_ATTACHMENT (0x12); images=4; mode=bfi-test
[omfg][info][1774568775415] vkQueuePresentKHR frame=1; queueFamily=0; imageIndex=0; waitSemaphores=1
[omfg][info][1774568775415] initialized injection resources for queue family 0
[omfg][info][1774568775415] vkQueuePresentKHR frame=2; queueFamily=0; imageIndex=1; waitSemaphores=1
[omfg][info][1774568775415] bfi settings; period=2
[omfg][info][1774568775415] first generated black-frame present succeeded
[omfg][info][1774568775415] black frame present=1; swapchainImageIndex=2
[omfg][info][1774568775415] vkQueuePresentKHR frame=3; queueFamily=0; imageIndex=3; waitSemaphores=1
[omfg][info][1774568775418] vkQueuePresentKHR frame=4; queueFamily=0; imageIndex=0; waitSemaphores=1
[omfg][info][1774568775431] black frame present=2; swapchainImageIndex=1
[omfg][info][1774568775441] vkQueuePresentKHR frame=5; queueFamily=0; imageIndex=2; waitSemaphores=1
[omfg][info][1774568775464] black frame present=3; swapchainImageIndex=0
[omfg][info][1774568775497] black frame present=4; swapchainImageIndex=3
[omfg][info][1774568775531] black frame present=5; swapchainImageIndex=2
[omfg][info][1774568776352] vkQueuePresentKHR frame=60; queueFamily=0; imageIndex=0; waitSemaphores=1
[omfg][info][1774568777352] vkQueuePresentKHR frame=120; queueFamily=0; imageIndex=2; waitSemaphores=1
[omfg][info][1774568777364] black frame present=60; swapchainImageIndex=3
[omfg][info][1774568777364] vkDestroySwapchainKHR
[omfg][info][1774568777375] vkDestroyDevice
[omfg][info][1774568777408] vkDestroyInstance
