[omfg][info][1774543826049] vkNegotiateLoaderLayerInterfaceVersion ok; mode=clear-test
[omfg][info][1774543826051] vkCreateInstance ok; mode=clear-test; app=vkcube; engine=vkcube; apiVersion=1.0.0
[omfg][info][1774543826073] vkCreateDevice ok; gpu=AMD Custom GPU 0932 (RADV VANGOGH)
[omfg][info][1774543826077] vkCreateSwapchainKHR ok; extent=500x500; format=44; presentMode=FIFO; minImages=3->4; usage=COLOR_ATTACHMENT (0x10) -> TRANSFER_DST|COLOR_ATTACHMENT (0x12); images=4; mode=clear-test
[omfg][info][1774543826079] vkQueuePresentKHR frame=1; queueFamily=0; imageIndex=0; waitSemaphores=1
[omfg][info][1774543826080] initialized injection resources for queue family 0
[omfg][info][1774543826080] first generated clear-frame present succeeded
[omfg][info][1774543826080] generated frame present=1; swapchainImageIndex=1
[omfg][info][1774543826080] vkQueuePresentKHR frame=2; queueFamily=0; imageIndex=2; waitSemaphores=1
[omfg][info][1774543826080] generated frame present=2; swapchainImageIndex=3
[omfg][info][1774543826080] vkQueuePresentKHR frame=3; queueFamily=0; imageIndex=0; waitSemaphores=1
[omfg][info][1774543826093] generated frame present=3; swapchainImageIndex=1
[omfg][info][1774543826103] vkQueuePresentKHR frame=4; queueFamily=0; imageIndex=2; waitSemaphores=1
[omfg][info][1774543826115] generated frame present=4; swapchainImageIndex=3
[omfg][info][1774543826125] vkQueuePresentKHR frame=5; queueFamily=0; imageIndex=0; waitSemaphores=1
[omfg][info][1774543826137] generated frame present=5; swapchainImageIndex=1
[omfg][info][1774543827347] vkQueuePresentKHR frame=60; queueFamily=0; imageIndex=2; waitSemaphores=1
[omfg][info][1774543827359] generated frame present=60; swapchainImageIndex=3
[omfg][info][1774543828680] vkQueuePresentKHR frame=120; queueFamily=0; imageIndex=2; waitSemaphores=1
[omfg][info][1774543828693] generated frame present=120; swapchainImageIndex=3
[omfg][info][1774543828694] vkDestroySwapchainKHR
[omfg][info][1774543828703] vkDestroyDevice
[omfg][info][1774543828777] vkDestroyInstance
