[omfg][info][1774569711450] vkNegotiateLoaderLayerInterfaceVersion ok; mode=multi-blend-test
[omfg][info][1774569711452] vkCreateInstance ok; mode=multi-blend-test; app=vkcube; engine=vkcube; apiVersion=1.0.0
[omfg][info][1774569711475] vkCreateDevice ok; gpu=AMD Custom GPU 0932 (RADV VANGOGH)
[omfg][info][1774569711482] created history image for swapchain
[omfg][info][1774569711482] vkCreateSwapchainKHR ok; extent=500x500; format=44; presentMode=FIFO; minImages=3->6; usage=COLOR_ATTACHMENT (0x10) -> TRANSFER_SRC|SAMPLED|COLOR_ATTACHMENT (0x15); images=6; mode=multi-blend-test
[omfg][info][1774569711484] vkQueuePresentKHR frame=1; queueFamily=0; imageIndex=0; waitSemaphores=1
[omfg][info][1774569711484] initialized injection resources for queue family 0
[omfg][info][1774569711485] initialized blend resources for swapchain
[omfg][info][1774569711485] multi-blend primed previous frame history
[omfg][info][1774569711485] vkQueuePresentKHR frame=2; queueFamily=0; imageIndex=1; waitSemaphores=1
[omfg][info][1774569712987] first multi blended generated-frame present succeeded
[omfg][info][1774569712987] multi blended frame present=2; generatedImageIndices=[2, 3]; currentImageIndex=1
[omfg][info][1774569712987] vkQueuePresentKHR frame=3; queueFamily=0; imageIndex=4; waitSemaphores=1
[omfg][info][1774569714491] multi blended frame present=4; generatedImageIndices=[5, 0]; currentImageIndex=4
[omfg][info][1774569714491] vkQueuePresentKHR frame=4; queueFamily=0; imageIndex=2; waitSemaphores=1
[omfg][info][1774569715994] multi blended frame present=6; generatedImageIndices=[3, 1]; currentImageIndex=2
[omfg][info][1774569715995] vkQueuePresentKHR frame=5; queueFamily=0; imageIndex=5; waitSemaphores=1
[omfg][info][1774569725017] vkDestroySwapchainKHR
[omfg][info][1774569725019] vkDestroyDevice
[omfg][info][1774569725105] vkDestroyInstance
