[omfg][info][1774568336931] vkNegotiateLoaderLayerInterfaceVersion ok; mode=reproject-blend-test
[omfg][info][1774568336933] vkCreateInstance ok; mode=reproject-blend-test; app=vkcube; engine=vkcube; apiVersion=1.0.0
[omfg][info][1774568336956] vkCreateDevice ok; gpu=AMD Custom GPU 0932 (RADV VANGOGH)
[omfg][info][1774568336960] created history image for swapchain
[omfg][info][1774568336960] vkCreateSwapchainKHR ok; extent=500x500; format=44; presentMode=FIFO; minImages=3->5; usage=COLOR_ATTACHMENT (0x10) -> TRANSFER_SRC|SAMPLED|COLOR_ATTACHMENT (0x15); images=5; mode=reproject-blend-test
[omfg][info][1774568336962] vkQueuePresentKHR frame=1; queueFamily=0; imageIndex=0; waitSemaphores=1
[omfg][info][1774568336962] initialized injection resources for queue family 0
[omfg][info][1774568336963] initialized blend resources for swapchain
[omfg][info][1774568336963] reproject-blend primed previous frame history
[omfg][info][1774568336963] vkQueuePresentKHR frame=2; queueFamily=0; imageIndex=1; waitSemaphores=1
[omfg][info][1774568336967] first reproject blended generated-frame present succeeded
[omfg][info][1774568336967] reproject blended frame present=1; generatedImageIndex=2; currentImageIndex=1
[omfg][info][1774568336967] vkQueuePresentKHR frame=3; queueFamily=0; imageIndex=3; waitSemaphores=1
[omfg][info][1774568336971] reproject blended frame present=2; generatedImageIndex=4; currentImageIndex=3
[omfg][info][1774568336973] vkQueuePresentKHR frame=4; queueFamily=0; imageIndex=0; waitSemaphores=1
[omfg][info][1774568336990] reproject blended frame present=3; generatedImageIndex=2; currentImageIndex=0
[omfg][info][1774568336996] vkQueuePresentKHR frame=5; queueFamily=0; imageIndex=1; waitSemaphores=1
[omfg][info][1774568337012] reproject blended frame present=4; generatedImageIndex=4; currentImageIndex=1
[omfg][info][1774568337034] reproject blended frame present=5; generatedImageIndex=2; currentImageIndex=3
[omfg][info][1774568338217] vkQueuePresentKHR frame=60; queueFamily=0; imageIndex=3; waitSemaphores=1
[omfg][info][1774568338256] reproject blended frame present=60; generatedImageIndex=4; currentImageIndex=0
[omfg][info][1774568339551] vkQueuePresentKHR frame=120; queueFamily=0; imageIndex=3; waitSemaphores=1
[omfg][info][1774568339589] reproject blended frame present=120; generatedImageIndex=4; currentImageIndex=0
[omfg][info][1774568340884] vkQueuePresentKHR frame=180; queueFamily=0; imageIndex=3; waitSemaphores=1
[omfg][info][1774568340923] reproject blended frame present=180; generatedImageIndex=4; currentImageIndex=0
[omfg][info][1774568342217] vkQueuePresentKHR frame=240; queueFamily=0; imageIndex=3; waitSemaphores=1
[omfg][info][1774568342256] reproject blended frame present=240; generatedImageIndex=4; currentImageIndex=0
[omfg][info][1774568343551] vkQueuePresentKHR frame=300; queueFamily=0; imageIndex=3; waitSemaphores=1
[omfg][info][1774568343589] reproject blended frame present=300; generatedImageIndex=4; currentImageIndex=0
[omfg][info][1774568344884] vkQueuePresentKHR frame=360; queueFamily=0; imageIndex=3; waitSemaphores=1
[omfg][info][1774568344922] reproject blended frame present=360; generatedImageIndex=4; currentImageIndex=0
[omfg][info][1774568346217] vkQueuePresentKHR frame=420; queueFamily=0; imageIndex=3; waitSemaphores=1
[omfg][info][1774568346255] reproject blended frame present=420; generatedImageIndex=4; currentImageIndex=0
[omfg][info][1774568347551] vkQueuePresentKHR frame=480; queueFamily=0; imageIndex=3; waitSemaphores=1
[omfg][info][1774568347589] reproject blended frame present=480; generatedImageIndex=4; currentImageIndex=0
[omfg][info][1774568348884] vkQueuePresentKHR frame=540; queueFamily=0; imageIndex=3; waitSemaphores=1
[omfg][info][1774568348921] reproject blended frame present=540; generatedImageIndex=4; currentImageIndex=0
[omfg][info][1774568350217] vkQueuePresentKHR frame=600; queueFamily=0; imageIndex=3; waitSemaphores=1
[omfg][info][1774568350233] vkDestroySwapchainKHR
[omfg][info][1774568350240] vkDestroyDevice
[omfg][info][1774568350257] vkDestroyInstance
