[omfg][info][1774568315322] vkNegotiateLoaderLayerInterfaceVersion ok; mode=search-adaptive-blend-test
[omfg][info][1774568315324] vkCreateInstance ok; mode=search-adaptive-blend-test; app=vkcube; engine=vkcube; apiVersion=1.0.0
[omfg][info][1774568315348] vkCreateDevice ok; gpu=AMD Custom GPU 0932 (RADV VANGOGH)
[omfg][info][1774568315352] created history image for swapchain
[omfg][info][1774568315352] vkCreateSwapchainKHR ok; extent=500x500; format=44; presentMode=FIFO; minImages=3->5; usage=COLOR_ATTACHMENT (0x10) -> TRANSFER_SRC|SAMPLED|COLOR_ATTACHMENT (0x15); images=5; mode=search-adaptive-blend-test
[omfg][info][1774568315355] vkQueuePresentKHR frame=1; queueFamily=0; imageIndex=0; waitSemaphores=1
[omfg][info][1774568315355] initialized injection resources for queue family 0
[omfg][info][1774568315355] initialized blend resources for swapchain
[omfg][info][1774568315355] search-adaptive-blend primed previous frame history
[omfg][info][1774568315355] vkQueuePresentKHR frame=2; queueFamily=0; imageIndex=1; waitSemaphores=1
[omfg][info][1774568315356] first search adaptive blended generated-frame present succeeded
[omfg][info][1774568315356] search adaptive blended frame present=1; generatedImageIndex=2; currentImageIndex=1
[omfg][info][1774568315356] vkQueuePresentKHR frame=3; queueFamily=0; imageIndex=3; waitSemaphores=1
[omfg][info][1774568315356] search adaptive blended frame present=2; generatedImageIndex=4; currentImageIndex=3
[omfg][info][1774568315363] vkQueuePresentKHR frame=4; queueFamily=0; imageIndex=0; waitSemaphores=1
[omfg][info][1774568315375] search adaptive blended frame present=3; generatedImageIndex=2; currentImageIndex=0
[omfg][info][1774568315385] vkQueuePresentKHR frame=5; queueFamily=0; imageIndex=1; waitSemaphores=1
[omfg][info][1774568315398] search adaptive blended frame present=4; generatedImageIndex=4; currentImageIndex=1
[omfg][info][1774568315420] search adaptive blended frame present=5; generatedImageIndex=2; currentImageIndex=3
[omfg][info][1774568316607] vkQueuePresentKHR frame=60; queueFamily=0; imageIndex=3; waitSemaphores=1
[omfg][info][1774568316642] search adaptive blended frame present=60; generatedImageIndex=4; currentImageIndex=0
[omfg][info][1774568317940] vkQueuePresentKHR frame=120; queueFamily=0; imageIndex=3; waitSemaphores=1
[omfg][info][1774568317976] search adaptive blended frame present=120; generatedImageIndex=4; currentImageIndex=0
[omfg][info][1774568319274] vkQueuePresentKHR frame=180; queueFamily=0; imageIndex=3; waitSemaphores=1
[omfg][info][1774568319309] search adaptive blended frame present=180; generatedImageIndex=4; currentImageIndex=0
[omfg][info][1774568320607] vkQueuePresentKHR frame=240; queueFamily=0; imageIndex=3; waitSemaphores=1
[omfg][info][1774568320642] search adaptive blended frame present=240; generatedImageIndex=4; currentImageIndex=0
[omfg][info][1774568321940] vkQueuePresentKHR frame=300; queueFamily=0; imageIndex=3; waitSemaphores=1
[omfg][info][1774568321975] search adaptive blended frame present=300; generatedImageIndex=4; currentImageIndex=0
[omfg][info][1774568323274] vkQueuePresentKHR frame=360; queueFamily=0; imageIndex=3; waitSemaphores=1
[omfg][info][1774568323308] search adaptive blended frame present=360; generatedImageIndex=4; currentImageIndex=0
[omfg][info][1774568324607] vkQueuePresentKHR frame=420; queueFamily=0; imageIndex=3; waitSemaphores=1
[omfg][info][1774568324642] search adaptive blended frame present=420; generatedImageIndex=4; currentImageIndex=0
[omfg][info][1774568325940] vkQueuePresentKHR frame=480; queueFamily=0; imageIndex=3; waitSemaphores=1
[omfg][info][1774568325974] search adaptive blended frame present=480; generatedImageIndex=4; currentImageIndex=0
[omfg][info][1774568327273] vkQueuePresentKHR frame=540; queueFamily=0; imageIndex=3; waitSemaphores=1
[omfg][info][1774568327307] search adaptive blended frame present=540; generatedImageIndex=4; currentImageIndex=0
[omfg][info][1774568328607] vkQueuePresentKHR frame=600; queueFamily=0; imageIndex=3; waitSemaphores=1
[omfg][info][1774568328619] vkDestroySwapchainKHR
[omfg][info][1774568328630] vkDestroyDevice
[omfg][info][1774568328662] vkDestroyInstance
