[ppfg][info][1774568359146] vkNegotiateLoaderLayerInterfaceVersion ok; mode=reproject-adaptive-blend-test
[ppfg][info][1774568359148] vkCreateInstance ok; mode=reproject-adaptive-blend-test; app=vkcube; engine=vkcube; apiVersion=1.0.0
[ppfg][info][1774568359171] vkCreateDevice ok; gpu=AMD Custom GPU 0932 (RADV VANGOGH)
[ppfg][info][1774568359175] created history image for swapchain
[ppfg][info][1774568359175] vkCreateSwapchainKHR ok; extent=500x500; format=44; presentMode=FIFO; minImages=3->5; usage=COLOR_ATTACHMENT (0x10) -> TRANSFER_SRC|SAMPLED|COLOR_ATTACHMENT (0x15); images=5; mode=reproject-adaptive-blend-test
[ppfg][info][1774568359177] vkQueuePresentKHR frame=1; queueFamily=0; imageIndex=0; waitSemaphores=1
[ppfg][info][1774568359177] initialized injection resources for queue family 0
[ppfg][info][1774568359178] initialized blend resources for swapchain
[ppfg][info][1774568359178] reproject-adaptive-blend primed previous frame history
[ppfg][info][1774568359178] vkQueuePresentKHR frame=2; queueFamily=0; imageIndex=1; waitSemaphores=1
[ppfg][info][1774568359182] first reproject adaptive blended generated-frame present succeeded
[ppfg][info][1774568359182] reproject adaptive blended frame present=1; generatedImageIndex=2; currentImageIndex=1
[ppfg][info][1774568359182] vkQueuePresentKHR frame=3; queueFamily=0; imageIndex=3; waitSemaphores=1
[ppfg][info][1774568359186] reproject adaptive blended frame present=2; generatedImageIndex=4; currentImageIndex=3
[ppfg][info][1774568359186] vkQueuePresentKHR frame=4; queueFamily=0; imageIndex=0; waitSemaphores=1
[ppfg][info][1774568359199] reproject adaptive blended frame present=3; generatedImageIndex=2; currentImageIndex=0
[ppfg][info][1774568359206] vkQueuePresentKHR frame=5; queueFamily=0; imageIndex=1; waitSemaphores=1
[ppfg][info][1774568359222] reproject adaptive blended frame present=4; generatedImageIndex=4; currentImageIndex=1
[ppfg][info][1774568359245] reproject adaptive blended frame present=5; generatedImageIndex=2; currentImageIndex=3
[ppfg][info][1774568360428] vkQueuePresentKHR frame=60; queueFamily=0; imageIndex=3; waitSemaphores=1
[ppfg][info][1774568360466] reproject adaptive blended frame present=60; generatedImageIndex=4; currentImageIndex=0
[ppfg][info][1774568361762] vkQueuePresentKHR frame=120; queueFamily=0; imageIndex=3; waitSemaphores=1
[ppfg][info][1774568361800] reproject adaptive blended frame present=120; generatedImageIndex=4; currentImageIndex=0
[ppfg][info][1774568363095] vkQueuePresentKHR frame=180; queueFamily=0; imageIndex=3; waitSemaphores=1
[ppfg][info][1774568363134] reproject adaptive blended frame present=180; generatedImageIndex=4; currentImageIndex=0
[ppfg][info][1774568364428] vkQueuePresentKHR frame=240; queueFamily=0; imageIndex=3; waitSemaphores=1
[ppfg][info][1774568364467] reproject adaptive blended frame present=240; generatedImageIndex=4; currentImageIndex=0
[ppfg][info][1774568365761] vkQueuePresentKHR frame=300; queueFamily=0; imageIndex=3; waitSemaphores=1
[ppfg][info][1774568365799] reproject adaptive blended frame present=300; generatedImageIndex=4; currentImageIndex=0
[ppfg][info][1774568367095] vkQueuePresentKHR frame=360; queueFamily=0; imageIndex=3; waitSemaphores=1
[ppfg][info][1774568367133] reproject adaptive blended frame present=360; generatedImageIndex=4; currentImageIndex=0
[ppfg][info][1774568368428] vkQueuePresentKHR frame=420; queueFamily=0; imageIndex=3; waitSemaphores=1
[ppfg][info][1774568368467] reproject adaptive blended frame present=420; generatedImageIndex=4; currentImageIndex=0
[ppfg][info][1774568369761] vkQueuePresentKHR frame=480; queueFamily=0; imageIndex=3; waitSemaphores=1
[ppfg][info][1774568369800] reproject adaptive blended frame present=480; generatedImageIndex=4; currentImageIndex=0
[ppfg][info][1774568371094] vkQueuePresentKHR frame=540; queueFamily=0; imageIndex=3; waitSemaphores=1
[ppfg][info][1774568371133] reproject adaptive blended frame present=540; generatedImageIndex=4; currentImageIndex=0
[ppfg][info][1774568372428] vkQueuePresentKHR frame=600; queueFamily=0; imageIndex=3; waitSemaphores=1
[ppfg][info][1774568372444] vkDestroySwapchainKHR
[ppfg][info][1774568372451] vkDestroyDevice
[ppfg][info][1774568372488] vkDestroyInstance
