[ppfg][info][1774568258902] vkNegotiateLoaderLayerInterfaceVersion ok; mode=search-adaptive-blend-test
[ppfg][info][1774568258904] vkCreateInstance ok; mode=search-adaptive-blend-test; app=vkcube; engine=vkcube; apiVersion=1.0.0
[ppfg][info][1774568258928] vkCreateDevice ok; gpu=AMD Custom GPU 0932 (RADV VANGOGH)
[ppfg][info][1774568258933] created history image for swapchain
[ppfg][info][1774568258933] vkCreateSwapchainKHR ok; extent=500x500; format=44; presentMode=FIFO; minImages=3->5; usage=COLOR_ATTACHMENT (0x10) -> TRANSFER_SRC|SAMPLED|COLOR_ATTACHMENT (0x15); images=5; mode=search-adaptive-blend-test
[ppfg][info][1774568258935] vkQueuePresentKHR frame=1; queueFamily=0; imageIndex=0; waitSemaphores=1
[ppfg][info][1774568258936] initialized injection resources for queue family 0
[ppfg][info][1774568258936] initialized blend resources for swapchain
[ppfg][info][1774568258936] search-adaptive-blend primed previous frame history
[ppfg][info][1774568258936] vkQueuePresentKHR frame=2; queueFamily=0; imageIndex=1; waitSemaphores=1
[ppfg][info][1774568258937] first search adaptive blended generated-frame present succeeded
[ppfg][info][1774568258937] search adaptive blended frame present=1; generatedImageIndex=2; currentImageIndex=1
[ppfg][info][1774568258937] vkQueuePresentKHR frame=3; queueFamily=0; imageIndex=3; waitSemaphores=1
[ppfg][info][1774568258937] search adaptive blended frame present=2; generatedImageIndex=4; currentImageIndex=3
[ppfg][info][1774568258942] vkQueuePresentKHR frame=4; queueFamily=0; imageIndex=0; waitSemaphores=1
[ppfg][info][1774568258954] search adaptive blended frame present=3; generatedImageIndex=2; currentImageIndex=0
[ppfg][info][1774568258964] vkQueuePresentKHR frame=5; queueFamily=0; imageIndex=1; waitSemaphores=1
[ppfg][info][1774568258977] search adaptive blended frame present=4; generatedImageIndex=4; currentImageIndex=1
[ppfg][info][1774568258999] search adaptive blended frame present=5; generatedImageIndex=2; currentImageIndex=3
[ppfg][info][1774568260186] vkQueuePresentKHR frame=60; queueFamily=0; imageIndex=3; waitSemaphores=1
[ppfg][info][1774568260221] search adaptive blended frame present=60; generatedImageIndex=4; currentImageIndex=0
[ppfg][info][1774568261520] vkQueuePresentKHR frame=120; queueFamily=0; imageIndex=3; waitSemaphores=1
[ppfg][info][1774568261533] vkDestroySwapchainKHR
[ppfg][info][1774568261543] vkDestroyDevice
[ppfg][info][1774568261632] vkDestroyInstance
