[omfg][info][1774622467391] vkNegotiateLoaderLayerInterfaceVersion ok; mode=reproject-blend-test
[omfg][info][1774622467394] vkCreateInstance ok; mode=reproject-blend-test; app=vkcube; engine=vkcube; apiVersion=1.0.0
[omfg][info][1774622467420] vkCreateDevice appended timing extensions; extensions=VK_KHR_present_id,VK_KHR_present_wait
[omfg][info][1774622467420] vkCreateDevice ok; gpu=AMD Custom GPU 0932 (RADV VANGOGH); presentId=1; presentWait=1; displayTiming=0
[omfg][info][1774622467427] created history image for swapchain
[omfg][info][1774622467427] vkCreateSwapchainKHR ok; extent=500x500; format=44; presentMode=FIFO; minImages=3->5; usage=COLOR_ATTACHMENT (0x10) -> TRANSFER_SRC|SAMPLED|COLOR_ATTACHMENT (0x15); images=5; mode=reproject-blend-test
[omfg][info][1774622467431] vkQueuePresentKHR frame=1; queueFamily=0; imageIndex=0; waitSemaphores=1
[omfg][info][1774622467431] initialized benchmark timestamp query pool; capacity=4096; timestampPeriodNs=10.000; timestampValidBits=64
[omfg][info][1774622467431] initialized injection resources for queue family 0
[omfg][info][1774622467512] initialized blend resources for swapchain
[omfg][info][1774622467515] reproject-blend primed previous frame history
[omfg][info][1774622467515] vkQueuePresentKHR frame=2; queueFamily=0; imageIndex=1; waitSemaphores=1
[omfg][info][1774622467520] benchmark sample; label=debug-fallback-currentbias; mode=reproject-blend-test; debugView=fallback; sample=1; present=2; generatedFrames=1; cpuAcquireMs=0.016; cpuSetupMs=0.005; cpuRecordMs=0.054; cpuSubmitMs=0.042; cpuSubmitWaitMs=0.000; cpuGeneratedPresentMs=0.053; cpuOriginalPresentMs=0.045; cpuQueueIdleMs=4.033; cpuTotalMs=4.249; gpuCmdMs=3.864; gpuAvailable=1
[omfg][info][1774622467520] first reproject blended generated-frame present succeeded
[omfg][info][1774622467520] reproject blended frame present=1; generatedImageIndex=2; currentImageIndex=1
[omfg][info][1774622467520] vkQueuePresentKHR frame=3; queueFamily=0; imageIndex=3; waitSemaphores=1
[omfg][info][1774622467524] benchmark sample; label=debug-fallback-currentbias; mode=reproject-blend-test; debugView=fallback; sample=2; present=3; generatedFrames=1; cpuAcquireMs=0.025; cpuSetupMs=0.015; cpuRecordMs=0.082; cpuSubmitMs=0.060; cpuSubmitWaitMs=0.000; cpuGeneratedPresentMs=0.082; cpuOriginalPresentMs=0.087; cpuQueueIdleMs=3.811; cpuTotalMs=4.161; gpuCmdMs=3.829; gpuAvailable=1
[omfg][info][1774622467524] reproject blended frame present=2; generatedImageIndex=4; currentImageIndex=3
[omfg][info][1774622467524] vkQueuePresentKHR frame=4; queueFamily=0; imageIndex=0; waitSemaphores=1
[omfg][info][1774622467533] benchmark sample; label=debug-fallback-currentbias; mode=reproject-blend-test; debugView=fallback; sample=3; present=4; generatedFrames=1; cpuAcquireMs=3.851; cpuSetupMs=0.012; cpuRecordMs=0.090; cpuSubmitMs=0.099; cpuSubmitWaitMs=0.000; cpuGeneratedPresentMs=0.100; cpuOriginalPresentMs=0.074; cpuQueueIdleMs=4.914; cpuTotalMs=9.140; gpuCmdMs=3.833; gpuAvailable=1
[omfg][info][1774622467534] reproject blended frame present=3; generatedImageIndex=2; currentImageIndex=0
[omfg][info][1774622467539] vkQueuePresentKHR frame=5; queueFamily=0; imageIndex=1; waitSemaphores=1
[omfg][info][1774622467556] benchmark sample; label=debug-fallback-currentbias; mode=reproject-blend-test; debugView=fallback; sample=4; present=5; generatedFrames=1; cpuAcquireMs=10.849; cpuSetupMs=0.011; cpuRecordMs=0.090; cpuSubmitMs=0.096; cpuSubmitWaitMs=0.000; cpuGeneratedPresentMs=0.103; cpuOriginalPresentMs=0.076; cpuQueueIdleMs=4.827; cpuTotalMs=16.051; gpuCmdMs=3.844; gpuAvailable=1
[omfg][info][1774622467556] reproject blended frame present=4; generatedImageIndex=4; currentImageIndex=1
[omfg][info][1774622467578] benchmark sample; label=debug-fallback-currentbias; mode=reproject-blend-test; debugView=fallback; sample=5; present=6; generatedFrames=1; cpuAcquireMs=10.999; cpuSetupMs=0.016; cpuRecordMs=0.110; cpuSubmitMs=0.115; cpuSubmitWaitMs=0.000; cpuGeneratedPresentMs=0.101; cpuOriginalPresentMs=0.066; cpuQueueIdleMs=4.617; cpuTotalMs=16.024; gpuCmdMs=3.849; gpuAvailable=1
[omfg][info][1774622467578] reproject blended frame present=5; generatedImageIndex=2; currentImageIndex=3
[omfg][info][1774622468762] vkQueuePresentKHR frame=60; queueFamily=0; imageIndex=3; waitSemaphores=1
[omfg][info][1774622468778] benchmark summary; label=debug-fallback-currentbias; mode=reproject-blend-test; debugView=fallback; samples=59; generatedFrames=59; gpuSamples=59; avgCpuAcquireMs=10.453; avgCpuSetupMs=0.016; avgCpuRecordMs=0.113; avgCpuSubmitMs=0.103; avgCpuSubmitWaitMs=0.000; avgCpuGeneratedPresentMs=0.086; avgCpuOriginalPresentMs=0.066; avgCpuQueueIdleMs=5.109; avgCpuTotalMs=15.943; avgCpuPerGeneratedFrameMs=15.943; maxCpuTotalMs=17.203; avgGpuCmdMs=3.941; avgGpuPerGeneratedFrameMs=3.941; maxGpuCmdMs=3.999
[omfg][info][1774622468779] vkDestroySwapchainKHR
[omfg][info][1774622468785] vkDestroyDevice
[omfg][info][1774622468820] vkDestroyInstance
