[omfg][info][1774568330377] vkNegotiateLoaderLayerInterfaceVersion ok; mode=search-adaptive-blend-test
[omfg][info][1774568330379] vkCreateInstance ok; mode=search-adaptive-blend-test; app=vkcube; engine=vkcube; apiVersion=1.0.0
[omfg][info][1774568330402] vkCreateDevice ok; gpu=AMD Custom GPU 0932 (RADV VANGOGH)
[omfg][info][1774568330408] created history image for swapchain
[omfg][info][1774568330408] vkCreateSwapchainKHR ok; extent=500x500; format=44; presentMode=IMMEDIATE; minImages=3->5; usage=COLOR_ATTACHMENT (0x10) -> TRANSFER_SRC|SAMPLED|COLOR_ATTACHMENT (0x15); images=5; mode=search-adaptive-blend-test
[omfg][info][1774568330411] vkQueuePresentKHR frame=1; queueFamily=0; imageIndex=0; waitSemaphores=1
[omfg][info][1774568330411] initialized injection resources for queue family 0
[omfg][info][1774568330411] initialized blend resources for swapchain
[omfg][info][1774568330412] search-adaptive-blend primed previous frame history
[omfg][info][1774568330412] vkQueuePresentKHR frame=2; queueFamily=0; imageIndex=1; waitSemaphores=1
[omfg][info][1774568330412] first search adaptive blended generated-frame present succeeded
[omfg][info][1774568330412] search adaptive blended frame present=1; generatedImageIndex=2; currentImageIndex=1
[omfg][info][1774568330412] vkQueuePresentKHR frame=3; queueFamily=0; imageIndex=3; waitSemaphores=1
[omfg][info][1774568330413] search adaptive blended frame present=2; generatedImageIndex=4; currentImageIndex=3
[omfg][info][1774568330413] vkQueuePresentKHR frame=4; queueFamily=0; imageIndex=0; waitSemaphores=1
[omfg][info][1774568330413] search adaptive blended frame present=3; generatedImageIndex=2; currentImageIndex=0
[omfg][info][1774568330413] vkQueuePresentKHR frame=5; queueFamily=0; imageIndex=1; waitSemaphores=1
[omfg][info][1774568330413] search adaptive blended frame present=4; generatedImageIndex=4; currentImageIndex=1
[omfg][info][1774568330414] search adaptive blended frame present=5; generatedImageIndex=2; currentImageIndex=3
[omfg][info][1774568330434] vkQueuePresentKHR frame=60; queueFamily=0; imageIndex=3; waitSemaphores=1
[omfg][info][1774568330435] search adaptive blended frame present=60; generatedImageIndex=4; currentImageIndex=0
[omfg][info][1774568330455] vkQueuePresentKHR frame=120; queueFamily=0; imageIndex=3; waitSemaphores=1
[omfg][info][1774568330456] vkDestroySwapchainKHR
[omfg][info][1774568330457] vkDestroyDevice
[omfg][info][1774568330508] vkDestroyInstance
