[ppfg][info][1774568426727] vkNegotiateLoaderLayerInterfaceVersion ok; mode=adaptive-multi-blend-test
[ppfg][info][1774568426729] vkCreateInstance ok; mode=adaptive-multi-blend-test; app=vkcube; engine=vkcube; apiVersion=1.0.0
[ppfg][info][1774568426753] vkCreateDevice ok; gpu=AMD Custom GPU 0932 (RADV VANGOGH)
[ppfg][info][1774568426757] created history image for swapchain
[ppfg][info][1774568426757] vkCreateSwapchainKHR ok; extent=500x500; format=44; presentMode=FIFO; minImages=3->6; usage=COLOR_ATTACHMENT (0x10) -> TRANSFER_SRC|SAMPLED|COLOR_ATTACHMENT (0x15); images=6; mode=adaptive-multi-blend-test
[ppfg][info][1774568426759] vkQueuePresentKHR frame=1; queueFamily=0; imageIndex=0; waitSemaphores=1
[ppfg][info][1774568426759] initialized injection resources for queue family 0
[ppfg][info][1774568426760] initialized blend resources for swapchain
[ppfg][info][1774568426760] adaptive-multi target controller; present=1; targetFps=120.0; baseFps=0.0; desiredGeneratedFrames=0.000; emittedGeneratedFrames=0; carry=0.000; intervalMs=0.000; smoothedIntervalMs=0.000
[ppfg][info][1774568426760] adaptive-multi-blend primed previous frame history
[ppfg][info][1774568426760] vkQueuePresentKHR frame=2; queueFamily=0; imageIndex=1; waitSemaphores=1
[ppfg][info][1774568426760] adaptive-multi target controller; present=2; targetFps=120.0; baseFps=1117.3; desiredGeneratedFrames=0.000; emittedGeneratedFrames=0; carry=0.000; intervalMs=0.895; smoothedIntervalMs=0.895
[ppfg][info][1774568426760] adaptive-multi-blend refreshed history without generated frame; currentImageIndex=1
[ppfg][info][1774568426760] vkQueuePresentKHR frame=3; queueFamily=0; imageIndex=2; waitSemaphores=1
[ppfg][info][1774568426760] adaptive-multi target controller; present=3; targetFps=120.0; baseFps=1335.1; desiredGeneratedFrames=0.000; emittedGeneratedFrames=0; carry=0.000; intervalMs=0.311; smoothedIntervalMs=0.749
[ppfg][info][1774568426761] adaptive-multi-blend refreshed history without generated frame; currentImageIndex=2
[ppfg][info][1774568426761] vkQueuePresentKHR frame=4; queueFamily=0; imageIndex=3; waitSemaphores=1
[ppfg][info][1774568426761] adaptive-multi target controller; present=4; targetFps=120.0; baseFps=1531.4; desiredGeneratedFrames=0.000; emittedGeneratedFrames=0; carry=0.000; intervalMs=0.365; smoothedIntervalMs=0.653
[ppfg][info][1774568426761] adaptive-multi-blend refreshed history without generated frame; currentImageIndex=3
[ppfg][info][1774568426761] vkQueuePresentKHR frame=5; queueFamily=0; imageIndex=4; waitSemaphores=1
[ppfg][info][1774568426761] adaptive-multi target controller; present=5; targetFps=120.0; baseFps=1718.2; desiredGeneratedFrames=0.000; emittedGeneratedFrames=0; carry=0.000; intervalMs=0.369; smoothedIntervalMs=0.582
[ppfg][info][1774568426761] adaptive-multi-blend refreshed history without generated frame; currentImageIndex=4
[ppfg][info][1774568426882] adaptive-multi target controller; present=17; targetFps=120.0; baseFps=94.3; desiredGeneratedFrames=0.272; emittedGeneratedFrames=1; carry=0.218; intervalMs=11.122; smoothedIntervalMs=10.602
[ppfg][info][1774568426895] first adaptive multi blended generated-frame present succeeded
[ppfg][info][1774568426895] adaptive multi blended frame present=1; generatedImageIndices=[5]; currentImageIndex=4
[ppfg][info][1774568426904] adaptive-multi target controller; present=18; targetFps=120.0; baseFps=73.9; desiredGeneratedFrames=0.624; emittedGeneratedFrames=0; carry=0.842; intervalMs=22.324; smoothedIntervalMs=13.532
[ppfg][info][1774568426916] adaptive-multi target controller; present=19; targetFps=120.0; baseFps=77.2; desiredGeneratedFrames=0.554; emittedGeneratedFrames=1; carry=0.397; intervalMs=11.218; smoothedIntervalMs=12.954
[ppfg][info][1774568426928] adaptive multi blended frame present=2; generatedImageIndices=[2]; currentImageIndex=1
[ppfg][info][1774568426950] adaptive multi blended frame present=3; generatedImageIndices=[5]; currentImageIndex=3
[ppfg][info][1774568427027] adaptive-multi target controller; present=24; targetFps=120.0; baseFps=49.8; desiredGeneratedFrames=1.409; emittedGeneratedFrames=2; carry=0.191; intervalMs=22.611; smoothedIntervalMs=20.075
[ppfg][info][1774568427060] adaptive-multi target controller; present=25; targetFps=120.0; baseFps=42.8; desiredGeneratedFrames=1.802; emittedGeneratedFrames=1; carry=0.993; intervalMs=33.165; smoothedIntervalMs=23.348
[ppfg][info][1774568427082] adaptive-multi target controller; present=26; targetFps=120.0; baseFps=43.3; desiredGeneratedFrames=1.770; emittedGeneratedFrames=2; carry=0.762; intervalMs=22.281; smoothedIntervalMs=23.081
[ppfg][info][1774568428215] vkQueuePresentKHR frame=60; queueFamily=0; imageIndex=1; waitSemaphores=1
[ppfg][info][1774568428215] adaptive-multi target controller; present=60; targetFps=120.0; baseFps=30.0; desiredGeneratedFrames=2.000; emittedGeneratedFrames=2; carry=0.762; intervalMs=33.139; smoothedIntervalMs=33.311
[ppfg][info][1774568430215] vkQueuePresentKHR frame=120; queueFamily=0; imageIndex=1; waitSemaphores=1
[ppfg][info][1774568430215] adaptive-multi target controller; present=120; targetFps=120.0; baseFps=30.0; desiredGeneratedFrames=2.000; emittedGeneratedFrames=2; carry=0.762; intervalMs=33.080; smoothedIntervalMs=33.303
[ppfg][info][1774568430240] vkDestroySwapchainKHR
[ppfg][info][1774568430250] vkDestroyDevice
[ppfg][info][1774568430343] vkDestroyInstance
