[omfg][info][1774568432043] vkNegotiateLoaderLayerInterfaceVersion ok; mode=adaptive-multi-blend-test
[omfg][info][1774568432045] vkCreateInstance ok; mode=adaptive-multi-blend-test; app=vkcube; engine=vkcube; apiVersion=1.0.0
[omfg][info][1774568432068] vkCreateDevice ok; gpu=AMD Custom GPU 0932 (RADV VANGOGH)
[omfg][info][1774568432073] created history image for swapchain
[omfg][info][1774568432073] vkCreateSwapchainKHR ok; extent=500x500; format=44; presentMode=FIFO; minImages=3->6; usage=COLOR_ATTACHMENT (0x10) -> TRANSFER_SRC|SAMPLED|COLOR_ATTACHMENT (0x15); images=6; mode=adaptive-multi-blend-test
[omfg][info][1774568432075] vkQueuePresentKHR frame=1; queueFamily=0; imageIndex=0; waitSemaphores=1
[omfg][info][1774568432075] initialized injection resources for queue family 0
[omfg][info][1774568432076] initialized blend resources for swapchain
[omfg][info][1774568432076] adaptive-multi target controller; present=1; targetFps=150.0; baseFps=0.0; desiredGeneratedFrames=0.000; emittedGeneratedFrames=0; carry=0.000; intervalMs=0.000; smoothedIntervalMs=0.000
[omfg][info][1774568432076] adaptive-multi-blend primed previous frame history
[omfg][info][1774568432076] vkQueuePresentKHR frame=2; queueFamily=0; imageIndex=1; waitSemaphores=1
[omfg][info][1774568432076] adaptive-multi target controller; present=2; targetFps=150.0; baseFps=1176.5; desiredGeneratedFrames=0.000; emittedGeneratedFrames=0; carry=0.000; intervalMs=0.850; smoothedIntervalMs=0.850
[omfg][info][1774568432077] adaptive-multi-blend refreshed history without generated frame; currentImageIndex=1
[omfg][info][1774568432077] vkQueuePresentKHR frame=3; queueFamily=0; imageIndex=2; waitSemaphores=1
[omfg][info][1774568432077] adaptive-multi target controller; present=3; targetFps=150.0; baseFps=1387.4; desiredGeneratedFrames=0.000; emittedGeneratedFrames=0; carry=0.000; intervalMs=0.333; smoothedIntervalMs=0.721
[omfg][info][1774568432077] adaptive-multi-blend refreshed history without generated frame; currentImageIndex=2
[omfg][info][1774568432077] vkQueuePresentKHR frame=4; queueFamily=0; imageIndex=3; waitSemaphores=1
[omfg][info][1774568432077] adaptive-multi target controller; present=4; targetFps=150.0; baseFps=1666.5; desiredGeneratedFrames=0.000; emittedGeneratedFrames=0; carry=0.000; intervalMs=0.238; smoothedIntervalMs=0.600
[omfg][info][1774568432077] adaptive-multi-blend refreshed history without generated frame; currentImageIndex=3
[omfg][info][1774568432077] vkQueuePresentKHR frame=5; queueFamily=0; imageIndex=4; waitSemaphores=1
[omfg][info][1774568432077] adaptive-multi target controller; present=5; targetFps=150.0; baseFps=1964.5; desiredGeneratedFrames=0.000; emittedGeneratedFrames=0; carry=0.000; intervalMs=0.236; smoothedIntervalMs=0.509
[omfg][info][1774568432077] adaptive-multi-blend refreshed history without generated frame; currentImageIndex=4
[omfg][info][1774568432149] adaptive-multi target controller; present=13; targetFps=150.0; baseFps=106.7; desiredGeneratedFrames=0.406; emittedGeneratedFrames=1; carry=0.009; intervalMs=10.939; smoothedIntervalMs=9.376
[omfg][info][1774568432161] first adaptive multi blended generated-frame present succeeded
[omfg][info][1774568432162] adaptive multi blended frame present=1; generatedImageIndices=[1]; currentImageIndex=0
[omfg][info][1774568432171] adaptive-multi target controller; present=14; targetFps=150.0; baseFps=79.1; desiredGeneratedFrames=0.896; emittedGeneratedFrames=0; carry=0.905; intervalMs=22.437; smoothedIntervalMs=12.641
[omfg][info][1774568432182] adaptive-multi target controller; present=15; targetFps=150.0; baseFps=82.0; desiredGeneratedFrames=0.828; emittedGeneratedFrames=1; carry=0.734; intervalMs=10.828; smoothedIntervalMs=12.188
[omfg][info][1774568432195] adaptive multi blended frame present=2; generatedImageIndices=[4]; currentImageIndex=3
[omfg][info][1774568432217] adaptive multi blended frame present=3; generatedImageIndices=[1]; currentImageIndex=5
[omfg][info][1774568432227] adaptive-multi target controller; present=17; targetFps=150.0; baseFps=60.2; desiredGeneratedFrames=1.491; emittedGeneratedFrames=2; carry=0.438; intervalMs=22.170; smoothedIntervalMs=16.607
[omfg][info][1774568432251] adaptive multi blended frame present=5; generatedImageIndices=[2, 4]; currentImageIndex=0
[omfg][info][1774568433660] vkQueuePresentKHR frame=60; queueFamily=0; imageIndex=3; waitSemaphores=1
[omfg][info][1774568433660] adaptive-multi target controller; present=60; targetFps=150.0; baseFps=30.0; desiredGeneratedFrames=2.000; emittedGeneratedFrames=2; carry=0.438; intervalMs=33.193; smoothedIntervalMs=33.316
[omfg][info][1774568435660] vkQueuePresentKHR frame=120; queueFamily=0; imageIndex=3; waitSemaphores=1
[omfg][info][1774568435660] adaptive-multi target controller; present=120; targetFps=150.0; baseFps=29.9; desiredGeneratedFrames=2.000; emittedGeneratedFrames=2; carry=0.438; intervalMs=33.797; smoothedIntervalMs=33.391
[omfg][info][1774568435685] vkDestroySwapchainKHR
[omfg][info][1774568435694] vkDestroyDevice
[omfg][info][1774568435758] vkDestroyInstance
