[omfg][info][1774585576175] vkNegotiateLoaderLayerInterfaceVersion ok; mode=reproject-adaptive-multi-blend-test
[omfg][info][1774585576178] vkCreateInstance ok; mode=reproject-adaptive-multi-blend-test; app=vkcube; engine=vkcube; apiVersion=1.0.0
[omfg][info][1774585576200] vkCreateDevice appended timing extensions; extensions=VK_KHR_present_id,VK_KHR_present_wait
[omfg][info][1774585576200] vkCreateDevice ok; gpu=AMD Custom GPU 0932 (RADV VANGOGH); presentId=1; presentWait=1; displayTiming=0
[omfg][info][1774585576205] created history image for swapchain
[omfg][info][1774585576206] vkCreateSwapchainKHR ok; extent=500x500; format=44; presentMode=IMMEDIATE; minImages=3->6; usage=COLOR_ATTACHMENT (0x10) -> TRANSFER_SRC|SAMPLED|COLOR_ATTACHMENT (0x15); images=6; mode=reproject-adaptive-multi-blend-test
[omfg][info][1774585576208] vkQueuePresentKHR frame=1; queueFamily=0; imageIndex=0; waitSemaphores=1
[omfg][info][1774585576208] initialized injection resources for queue family 0
[omfg][info][1774585576208] initialized blend resources for swapchain
[omfg][info][1774585576208] reproject-adaptive-multi target controller; present=1; targetFps=0.0; baseFps=0.0; desiredGeneratedFrames=2.000; emittedGeneratedFrames=2; carry=0.000; intervalMs=0.000; smoothedIntervalMs=0.000
[omfg][info][1774585576209] reproject-adaptive-multi-blend primed previous frame history
[omfg][info][1774585576209] vkQueuePresentKHR frame=2; queueFamily=0; imageIndex=1; waitSemaphores=1
[omfg][info][1774585576209] reproject-adaptive-multi target controller; present=2; targetFps=0.0; baseFps=1131.2; desiredGeneratedFrames=1.000; emittedGeneratedFrames=1; carry=0.000; intervalMs=0.884; smoothedIntervalMs=0.884
[omfg][info][1774585576213] first reproject adaptive multi blended generated-frame present succeeded
[omfg][info][1774585576213] reproject adaptive multi blended frame present=1; generatedImageIndices=[2]; currentImageIndex=1
[omfg][info][1774585576213] vkQueuePresentKHR frame=3; queueFamily=0; imageIndex=3; waitSemaphores=1
[omfg][info][1774585576213] reproject-adaptive-multi target controller; present=3; targetFps=0.0; baseFps=241.3; desiredGeneratedFrames=1.000; emittedGeneratedFrames=1; carry=0.000; intervalMs=4.144; smoothedIntervalMs=1.699
[omfg][info][1774585576217] reproject adaptive multi blended frame present=2; generatedImageIndices=[4]; currentImageIndex=3
[omfg][info][1774585576217] vkQueuePresentKHR frame=4; queueFamily=0; imageIndex=5; waitSemaphores=1
[omfg][info][1774585576217] reproject-adaptive-multi target controller; present=4; targetFps=0.0; baseFps=227.2; desiredGeneratedFrames=1.000; emittedGeneratedFrames=1; carry=0.000; intervalMs=4.402; smoothedIntervalMs=2.375
[omfg][info][1774585576221] reproject adaptive multi blended frame present=3; generatedImageIndices=[0]; currentImageIndex=5
[omfg][info][1774585576222] vkQueuePresentKHR frame=5; queueFamily=0; imageIndex=2; waitSemaphores=1
[omfg][info][1774585576222] reproject-adaptive-multi target controller; present=5; targetFps=0.0; baseFps=225.2; desiredGeneratedFrames=1.000; emittedGeneratedFrames=1; carry=0.000; intervalMs=4.440; smoothedIntervalMs=2.891
[omfg][info][1774585576475] vkQueuePresentKHR frame=60; queueFamily=0; imageIndex=4; waitSemaphores=1
[omfg][info][1774585576475] reproject-adaptive-multi target controller; present=60; targetFps=0.0; baseFps=196.8; desiredGeneratedFrames=1.000; emittedGeneratedFrames=1; carry=0.000; intervalMs=5.082; smoothedIntervalMs=4.793
[omfg][info][1774585576484] reproject adaptive multi blended frame present=60; generatedImageIndices=[5]; currentImageIndex=0
[omfg][info][1774585576754] vkQueuePresentKHR frame=120; queueFamily=0; imageIndex=4; waitSemaphores=1
[omfg][info][1774585576754] reproject-adaptive-multi target controller; present=120; targetFps=0.0; baseFps=225.4; desiredGeneratedFrames=1.000; emittedGeneratedFrames=1; carry=0.000; intervalMs=4.437; smoothedIntervalMs=4.603
[omfg][info][1774585576759] vkDestroySwapchainKHR
[omfg][info][1774585576760] vkDestroyDevice
[omfg][info][1774585576803] vkDestroyInstance
