[omfg][info][1774585522718] vkNegotiateLoaderLayerInterfaceVersion ok; mode=reproject-multi-blend-test
[omfg][info][1774585522721] vkCreateInstance ok; mode=reproject-multi-blend-test; app=vkcube; engine=vkcube; apiVersion=1.0.0
[omfg][info][1774585522742] vkCreateDevice appended timing extensions; extensions=VK_KHR_present_id,VK_KHR_present_wait
[omfg][info][1774585522743] vkCreateDevice ok; gpu=AMD Custom GPU 0932 (RADV VANGOGH); presentId=1; presentWait=1; displayTiming=0
[omfg][info][1774585522747] created history image for swapchain
[omfg][info][1774585522747] vkCreateSwapchainKHR ok; extent=500x500; format=44; presentMode=FIFO; minImages=3->6; usage=COLOR_ATTACHMENT (0x10) -> TRANSFER_SRC|SAMPLED|COLOR_ATTACHMENT (0x15); images=6; mode=reproject-multi-blend-test
[omfg][info][1774585522749] vkQueuePresentKHR frame=1; queueFamily=0; imageIndex=0; waitSemaphores=1
[omfg][info][1774585522749] initialized injection resources for queue family 0
[omfg][info][1774585522750] initialized blend resources for swapchain
[omfg][info][1774585522750] reproject-multi-blend primed previous frame history
[omfg][info][1774585522750] vkQueuePresentKHR frame=2; queueFamily=0; imageIndex=1; waitSemaphores=1
[omfg][info][1774585522758] first reproject multi blended generated-frame present succeeded
[omfg][info][1774585522758] reproject multi blended frame present=2; generatedImageIndices=[2, 3]; currentImageIndex=1
[omfg][info][1774585522758] vkQueuePresentKHR frame=3; queueFamily=0; imageIndex=4; waitSemaphores=1
[omfg][info][1774585522771] reproject multi blended frame present=4; generatedImageIndices=[5, 0]; currentImageIndex=4
[omfg][info][1774585522773] vkQueuePresentKHR frame=4; queueFamily=0; imageIndex=2; waitSemaphores=1
[omfg][info][1774585522805] reproject multi blended frame present=6; generatedImageIndices=[3, 1]; currentImageIndex=2
[omfg][info][1774585522806] vkQueuePresentKHR frame=5; queueFamily=0; imageIndex=5; waitSemaphores=1
[omfg][info][1774585523705] reproject multi blended frame present=60; generatedImageIndices=[4, 5]; currentImageIndex=0
[omfg][info][1774585524639] vkQueuePresentKHR frame=60; queueFamily=0; imageIndex=3; waitSemaphores=1
[omfg][info][1774585524705] reproject multi blended frame present=120; generatedImageIndices=[4, 5]; currentImageIndex=0
[omfg][info][1774585525704] reproject multi blended frame present=180; generatedImageIndices=[4, 5]; currentImageIndex=0
[omfg][info][1774585526640] vkQueuePresentKHR frame=120; queueFamily=0; imageIndex=3; waitSemaphores=1
[omfg][info][1774585526704] reproject multi blended frame present=240; generatedImageIndices=[4, 5]; currentImageIndex=0
[omfg][info][1774585527705] reproject multi blended frame present=300; generatedImageIndices=[4, 5]; currentImageIndex=0
[omfg][info][1774585528639] vkQueuePresentKHR frame=180; queueFamily=0; imageIndex=3; waitSemaphores=1
[omfg][info][1774585528705] reproject multi blended frame present=360; generatedImageIndices=[4, 5]; currentImageIndex=0
[omfg][info][1774585529704] reproject multi blended frame present=420; generatedImageIndices=[4, 5]; currentImageIndex=0
[omfg][info][1774585530639] vkQueuePresentKHR frame=240; queueFamily=0; imageIndex=3; waitSemaphores=1
[omfg][info][1774585530704] reproject multi blended frame present=480; generatedImageIndices=[4, 5]; currentImageIndex=0
[omfg][info][1774585531704] reproject multi blended frame present=540; generatedImageIndices=[4, 5]; currentImageIndex=0
[omfg][info][1774585532639] vkQueuePresentKHR frame=300; queueFamily=0; imageIndex=3; waitSemaphores=1
[omfg][info][1774585532704] reproject multi blended frame present=600; generatedImageIndices=[4, 5]; currentImageIndex=0
[omfg][info][1774585533704] reproject multi blended frame present=660; generatedImageIndices=[4, 5]; currentImageIndex=0
[omfg][info][1774585534639] vkQueuePresentKHR frame=360; queueFamily=0; imageIndex=3; waitSemaphores=1
[omfg][info][1774585534704] reproject multi blended frame present=720; generatedImageIndices=[4, 5]; currentImageIndex=0
[omfg][info][1774585535704] reproject multi blended frame present=780; generatedImageIndices=[4, 5]; currentImageIndex=0
[omfg][info][1774585536639] vkQueuePresentKHR frame=420; queueFamily=0; imageIndex=3; waitSemaphores=1
[omfg][info][1774585536704] reproject multi blended frame present=840; generatedImageIndices=[4, 5]; currentImageIndex=0
[omfg][info][1774585537704] reproject multi blended frame present=900; generatedImageIndices=[4, 5]; currentImageIndex=0
[omfg][info][1774585538639] vkQueuePresentKHR frame=480; queueFamily=0; imageIndex=3; waitSemaphores=1
[omfg][info][1774585538704] reproject multi blended frame present=960; generatedImageIndices=[4, 5]; currentImageIndex=0
[omfg][info][1774585539704] reproject multi blended frame present=1020; generatedImageIndices=[4, 5]; currentImageIndex=0
[omfg][info][1774585540639] vkQueuePresentKHR frame=540; queueFamily=0; imageIndex=3; waitSemaphores=1
[omfg][info][1774585540704] reproject multi blended frame present=1080; generatedImageIndices=[4, 5]; currentImageIndex=0
[omfg][info][1774585541704] reproject multi blended frame present=1140; generatedImageIndices=[4, 5]; currentImageIndex=0
[omfg][info][1774585542639] vkQueuePresentKHR frame=600; queueFamily=0; imageIndex=3; waitSemaphores=1
[omfg][info][1774585542672] vkDestroySwapchainKHR
[omfg][info][1774585542673] vkDestroyDevice
[omfg][info][1774585542767] vkDestroyInstance
